Last login: Fri Mar 20 18:41:17 on ttys002
MicaHortonsAir:~ mica$ python requests --version
python: can't open file 'requests': [Errno 2] No such file or directory
MicaHortonsAir:~ mica$ pip requests --version
ERROR: unknown command "requests"
MicaHortonsAir:~ mica$ python --version
Python 2.7.16
MicaHortonsAir:~ mica$ pip --version
pip 20.0.2 from /Library/Frameworks/Python.framework/Versions/3.8/lib/python3.8/site-packages/pip (python 3.8)
MicaHortonsAir:~ mica$ cd Projects/littlemica/pirate-scraper
MicaHortonsAir:pirate-scraper mica$ python3 -i pirateScraper.py
Show Name: Legacies
Season #: 1
Episode 16: There's Always a Loophole                                            https://streamvid.co/player/1Vecuehc1GCr7Hn/
Episode 15: I’ll Tell You a Story                                                https://streamvid.co/player/HduM7u6i4741w5d/
Episode 14: Let's Just Finish the Dance                                          https://streamvid.co/player/DSZUmJ9iUB2aPUR/
Episode 13: The Boy Who Still Has a Lot of Good to Do                            https://streamvid.co/player/MdTvbNwMvgCDbCN/
Episode 12: There's a Mummy on Main Street                                       https://streamvid.co/player/ZdGltUPZ2mY1FKy/
Episode 11: We're Gonna Need A Spotlight                                         https://streamvid.co/player/RXaC43H3MF2WxPp/
Episode 10: There's a World Where Your Dreams Come True                          https://streamvid.co/player/VyJ8UPutlGOIFa6/
Episode 9: What Was Hope Doing in Your Dreams?                                   https://streamvid.co/player/ASJd6aOlZftlnqN/
Episode 8: Maybe I Should Start From The End                                     https://streamvid.co/player/RJ9lq2IkLRaiANv/
Episode 7: Death Keeps Knocking On My Door                                       https://streamvid.co/player/HaxtLuIQatK8bRf/
Episode 6: Mombie Dearest                                                        https://streamvid.co/player/agW3o082rtpokBk/
Episode 5: Malivore                                                              https://streamvid.co/player/lUSMHkWRjXLIkIu/
Episode 4: Hope Is Not The Goal                                                  https://streamvid.co/player/JtKb06caNkt9dHV/
Episode 3: We’re Being Punked, Pedro                                             https://streamvid.co/player/9jqwtmiIpkdE90t/
Episode 2: Some People Just Want To Watch The World Burn                         https://streamvid.co/player/7NWkXLDBfWR5ALO/
Episode 1: This is the Part Where You Run                                        https://streamvid.co/player/L2hyphi9lp3F1DX/
Download Episodes?
7
253  files to install.
Traceback (most recent call last):
  File "/Library/Frameworks/Python.framework/Versions/3.8/lib/python3.8/site-packages/urllib3/connectionpool.py", line 665, in urlopen
    httplib_response = self._make_request(
  File "/Library/Frameworks/Python.framework/Versions/3.8/lib/python3.8/site-packages/urllib3/connectionpool.py", line 421, in _make_request
    six.raise_from(e, None)
  File "<string>", line 3, in raise_from
  File "/Library/Frameworks/Python.framework/Versions/3.8/lib/python3.8/site-packages/urllib3/connectionpool.py", line 416, in _make_request
    httplib_response = conn.getresponse()
  File "/Library/Frameworks/Python.framework/Versions/3.8/lib/python3.8/http/client.py", line 1322, in getresponse
    response.begin()
  File "/Library/Frameworks/Python.framework/Versions/3.8/lib/python3.8/http/client.py", line 303, in begin
    version, status, reason = self._read_status()
  File "/Library/Frameworks/Python.framework/Versions/3.8/lib/python3.8/http/client.py", line 272, in _read_status
    raise RemoteDisconnected("Remote end closed connection without"
http.client.RemoteDisconnected: Remote end closed connection without response

During handling of the above exception, another exception occurred:

Traceback (most recent call last):
  File "/Library/Frameworks/Python.framework/Versions/3.8/lib/python3.8/site-packages/requests/adapters.py", line 439, in send
    resp = conn.urlopen(
  File "/Library/Frameworks/Python.framework/Versions/3.8/lib/python3.8/site-packages/urllib3/connectionpool.py", line 719, in urlopen
    retries = retries.increment(
  File "/Library/Frameworks/Python.framework/Versions/3.8/lib/python3.8/site-packages/urllib3/util/retry.py", line 400, in increment
    raise six.reraise(type(error), error, _stacktrace)
  File "/Library/Frameworks/Python.framework/Versions/3.8/lib/python3.8/site-packages/urllib3/packages/six.py", line 734, in reraise
    raise value.with_traceback(tb)
  File "/Library/Frameworks/Python.framework/Versions/3.8/lib/python3.8/site-packages/urllib3/connectionpool.py", line 665, in urlopen
    httplib_response = self._make_request(
  File "/Library/Frameworks/Python.framework/Versions/3.8/lib/python3.8/site-packages/urllib3/connectionpool.py", line 421, in _make_request
    six.raise_from(e, None)
  File "<string>", line 3, in raise_from
  File "/Library/Frameworks/Python.framework/Versions/3.8/lib/python3.8/site-packages/urllib3/connectionpool.py", line 416, in _make_request
    httplib_response = conn.getresponse()
  File "/Library/Frameworks/Python.framework/Versions/3.8/lib/python3.8/http/client.py", line 1322, in getresponse
    response.begin()
  File "/Library/Frameworks/Python.framework/Versions/3.8/lib/python3.8/http/client.py", line 303, in begin
    version, status, reason = self._read_status()
  File "/Library/Frameworks/Python.framework/Versions/3.8/lib/python3.8/http/client.py", line 272, in _read_status
    raise RemoteDisconnected("Remote end closed connection without"
urllib3.exceptions.ProtocolError: ('Connection aborted.', RemoteDisconnected('Remote end closed connection without response'))

During handling of the above exception, another exception occurred:

Traceback (most recent call last):
  File "pirateScraper.py", line 136, in <module>
    downloadEpisode(episode, raw_name, season, numList[downloadList.index(episode)])
  File "pirateScraper.py", line 115, in downloadEpisode
    tsfile = requests.get(link, headers=headers)
  File "/Library/Frameworks/Python.framework/Versions/3.8/lib/python3.8/site-packages/requests/api.py", line 76, in get
    return request('get', url, params=params, **kwargs)
  File "/Library/Frameworks/Python.framework/Versions/3.8/lib/python3.8/site-packages/requests/api.py", line 61, in request
    return session.request(method=method, url=url, **kwargs)
  File "/Library/Frameworks/Python.framework/Versions/3.8/lib/python3.8/site-packages/requests/sessions.py", line 530, in request
    resp = self.send(prep, **send_kwargs)
  File "/Library/Frameworks/Python.framework/Versions/3.8/lib/python3.8/site-packages/requests/sessions.py", line 643, in send
    r = adapter.send(request, **kwargs)
  File "/Library/Frameworks/Python.framework/Versions/3.8/lib/python3.8/site-packages/requests/adapters.py", line 498, in send
    raise ConnectionError(err, request=request)
requests.exceptions.ConnectionError: ('Connection aborted.', RemoteDisconnected('Remote end closed connection without response'))
>>> tslinks
Traceback (most recent call last):
  File "<stdin>", line 1, in <module>
NameError: name 'tslinks' is not defined
>>> name
'legacies'
>>> episodeLinks
[{'name': "Episode 16: There's Always a Loophole", 'url': 'https://streamvid.co/player/1Vecuehc1GCr7Hn/'}, {'name': 'Episode 15: I’ll Tell You a Story', 'url': 'https://streamvid.co/player/HduM7u6i4741w5d/'}, {'name': "Episode 14: Let's Just Finish the Dance", 'url': 'https://streamvid.co/player/DSZUmJ9iUB2aPUR/'}, {'name': 'Episode 13: The Boy Who Still Has a Lot of Good to Do', 'url': 'https://streamvid.co/player/MdTvbNwMvgCDbCN/'}, {'name': "Episode 12: There's a Mummy on Main Street", 'url': 'https://streamvid.co/player/ZdGltUPZ2mY1FKy/'}, {'name': "Episode 11: We're Gonna Need A Spotlight", 'url': 'https://streamvid.co/player/RXaC43H3MF2WxPp/'}, {'name': "Episode 10: There's a World Where Your Dreams Come True", 'url': 'https://streamvid.co/player/VyJ8UPutlGOIFa6/'}, {'name': 'Episode 9: What Was Hope Doing in Your Dreams?', 'url': 'https://streamvid.co/player/ASJd6aOlZftlnqN/'}, {'name': 'Episode 8: Maybe I Should Start From The End', 'url': 'https://streamvid.co/player/RJ9lq2IkLRaiANv/'}, {'name': 'Episode 7: Death Keeps Knocking On My Door', 'url': 'https://streamvid.co/player/HaxtLuIQatK8bRf/'}, {'name': 'Episode 6: Mombie Dearest', 'url': 'https://streamvid.co/player/agW3o082rtpokBk/'}, {'name': 'Episode 5: Malivore', 'url': 'https://streamvid.co/player/lUSMHkWRjXLIkIu/'}, {'name': 'Episode 4: Hope Is Not The Goal', 'url': 'https://streamvid.co/player/JtKb06caNkt9dHV/'}, {'name': 'Episode 3: We’re Being Punked, Pedro', 'url': 'https://streamvid.co/player/9jqwtmiIpkdE90t/'}, {'name': 'Episode 2: Some People Just Want To Watch The World Burn', 'url': 'https://streamvid.co/player/7NWkXLDBfWR5ALO/'}, {'name': 'Episode 1: This is the Part Where You Run', 'url': 'https://streamvid.co/player/L2hyphi9lp3F1DX/'}]
>>> exit()
MicaHortonsAir:pirate-scraper mica$ clear

MicaHortonsAir:pirate-scraper mica$ git status
On branch master
Changes not staged for commit:
  (use "git add/rm <file>..." to update what will be committed)
  (use "git restore <file>..." to discard changes in working directory)
	deleted:    pirateDownload.py
	modified:   pirateNotes.md
	modified:   pirateScraper.py

Untracked files:
  (use "git add <file>..." to include in what will be committed)
	unused/pirateDownload.py

no changes added to commit (use "git add" and/or "git commit -a")
MicaHortonsAir:pirate-scraper mica$ git log --oneline
4d4e3ad (HEAD -> master) Download stream of .ts files to folder
4837e82 Download .m3u8 file and .ts file
8f80c0c Allow user to input episode numbers
8dc59f1 Acount for spaces
123cd20 Use data-server 10 as backup
f6cc4be Work based off user input
63df8bb Print out table with all episodes
24c2137 Adds to-do list
a494fa5 Get video URL from page URL
MicaHortonsAir:pirate-scraper mica$ git add .
MicaHortonsAir:pirate-scraper mica$ git commit -m "Refactor code"
[master a583d4a] Refactor code
 3 files changed, 176 insertions(+), 135 deletions(-)
 rewrite pirateNotes.md (70%)
 rewrite pirateScraper.py (87%)
 rename pirateDownload.py => unused/pirateDownload.py (99%)
MicaHortonsAir:pirate-scraper mica$ clear

MicaHortonsAir:pirate-scraper mica$ git add .
MicaHortonsAir:pirate-scraper mica$ git commit -m "Split downloadEpisode function into more parts"
[master e1585e4] Split downloadEpisode function into more parts
 1 file changed, 29 insertions(+), 16 deletions(-)
MicaHortonsAir:pirate-scraper mica$ clear



























MicaHortonsAir:pirate-scraper mica$ python3 -i pirate-scraper.py
/Library/Frameworks/Python.framework/Versions/3.8/bin/python3: can't open file 'pirate-scraper.py': [Errno 2] No such file or directory
>>> clear
Traceback (most recent call last):
  File "<stdin>", line 1, in <module>
NameError: name 'clear' is not defined
>>> exit()
MicaHortonsAir:pirate-scraper mica$ clear























MicaHortonsAir:pirate-scraper mica$ python3 -i pirateScraper.py
Show Name: Legacies
Season #: 1
Episode 16: There's Always a Loophole                                            https://streamvid.co/player/1Vecuehc1GCr7Hn/
Episode 15: I’ll Tell You a Story                                                https://streamvid.co/player/HduM7u6i4741w5d/
Episode 14: Let's Just Finish the Dance                                          https://streamvid.co/player/DSZUmJ9iUB2aPUR/
Episode 13: The Boy Who Still Has a Lot of Good to Do                            https://streamvid.co/player/MdTvbNwMvgCDbCN/
Episode 12: There's a Mummy on Main Street                                       https://streamvid.co/player/ZdGltUPZ2mY1FKy/
Episode 11: We're Gonna Need A Spotlight                                         https://streamvid.co/player/RXaC43H3MF2WxPp/
Episode 10: There's a World Where Your Dreams Come True                          https://streamvid.co/player/VyJ8UPutlGOIFa6/
Episode 9: What Was Hope Doing in Your Dreams?                                   https://streamvid.co/player/ASJd6aOlZftlnqN/
Episode 8: Maybe I Should Start From The End                                     https://streamvid.co/player/RJ9lq2IkLRaiANv/
Episode 7: Death Keeps Knocking On My Door                                       https://streamvid.co/player/HaxtLuIQatK8bRf/
Episode 6: Mombie Dearest                                                        https://streamvid.co/player/agW3o082rtpokBk/
Episode 5: Malivore                                                              https://streamvid.co/player/lUSMHkWRjXLIkIu/
Episode 4: Hope Is Not The Goal                                                  https://streamvid.co/player/JtKb06caNkt9dHV/
Episode 3: We’re Being Punked, Pedro                                             https://streamvid.co/player/9jqwtmiIpkdE90t/
Episode 2: Some People Just Want To Watch The World Burn                         https://streamvid.co/player/7NWkXLDBfWR5ALO/
Episode 1: This is the Part Where You Run                                        https://streamvid.co/player/L2hyphi9lp3F1DX/
Download Episodes?
4
253  files to install.
Traceback (most recent call last):
  File "/Library/Frameworks/Python.framework/Versions/3.8/lib/python3.8/site-packages/urllib3/connectionpool.py", line 665, in urlopen
    httplib_response = self._make_request(
  File "/Library/Frameworks/Python.framework/Versions/3.8/lib/python3.8/site-packages/urllib3/connectionpool.py", line 376, in _make_request
    self._validate_conn(conn)
  File "/Library/Frameworks/Python.framework/Versions/3.8/lib/python3.8/site-packages/urllib3/connectionpool.py", line 994, in _validate_conn
    conn.connect()
  File "/Library/Frameworks/Python.framework/Versions/3.8/lib/python3.8/site-packages/urllib3/connection.py", line 352, in connect
    self.sock = ssl_wrap_socket(
  File "/Library/Frameworks/Python.framework/Versions/3.8/lib/python3.8/site-packages/urllib3/util/ssl_.py", line 370, in ssl_wrap_socket
    return context.wrap_socket(sock, server_hostname=server_hostname)
  File "/Library/Frameworks/Python.framework/Versions/3.8/lib/python3.8/ssl.py", line 500, in wrap_socket
    return self.sslsocket_class._create(
  File "/Library/Frameworks/Python.framework/Versions/3.8/lib/python3.8/ssl.py", line 1040, in _create
    self.do_handshake()
  File "/Library/Frameworks/Python.framework/Versions/3.8/lib/python3.8/ssl.py", line 1309, in do_handshake
    self._sslobj.do_handshake()
OSError: [Errno 0] Error

During handling of the above exception, another exception occurred:

Traceback (most recent call last):
  File "/Library/Frameworks/Python.framework/Versions/3.8/lib/python3.8/site-packages/requests/adapters.py", line 439, in send
    resp = conn.urlopen(
  File "/Library/Frameworks/Python.framework/Versions/3.8/lib/python3.8/site-packages/urllib3/connectionpool.py", line 719, in urlopen
    retries = retries.increment(
  File "/Library/Frameworks/Python.framework/Versions/3.8/lib/python3.8/site-packages/urllib3/util/retry.py", line 400, in increment
    raise six.reraise(type(error), error, _stacktrace)
  File "/Library/Frameworks/Python.framework/Versions/3.8/lib/python3.8/site-packages/urllib3/packages/six.py", line 734, in reraise
    raise value.with_traceback(tb)
  File "/Library/Frameworks/Python.framework/Versions/3.8/lib/python3.8/site-packages/urllib3/connectionpool.py", line 665, in urlopen
    httplib_response = self._make_request(
  File "/Library/Frameworks/Python.framework/Versions/3.8/lib/python3.8/site-packages/urllib3/connectionpool.py", line 376, in _make_request
    self._validate_conn(conn)
  File "/Library/Frameworks/Python.framework/Versions/3.8/lib/python3.8/site-packages/urllib3/connectionpool.py", line 994, in _validate_conn
    conn.connect()
  File "/Library/Frameworks/Python.framework/Versions/3.8/lib/python3.8/site-packages/urllib3/connection.py", line 352, in connect
    self.sock = ssl_wrap_socket(
  File "/Library/Frameworks/Python.framework/Versions/3.8/lib/python3.8/site-packages/urllib3/util/ssl_.py", line 370, in ssl_wrap_socket
    return context.wrap_socket(sock, server_hostname=server_hostname)
  File "/Library/Frameworks/Python.framework/Versions/3.8/lib/python3.8/ssl.py", line 500, in wrap_socket
    return self.sslsocket_class._create(
  File "/Library/Frameworks/Python.framework/Versions/3.8/lib/python3.8/ssl.py", line 1040, in _create
    self.do_handshake()
  File "/Library/Frameworks/Python.framework/Versions/3.8/lib/python3.8/ssl.py", line 1309, in do_handshake
    self._sslobj.do_handshake()
urllib3.exceptions.ProtocolError: ('Connection aborted.', OSError(0, 'Error'))

During handling of the above exception, another exception occurred:

Traceback (most recent call last):
  File "pirateScraper.py", line 146, in <module>
    downloadTsFile(link, path)
  File "pirateScraper.py", line 114, in downloadTsFile
    tsfile = requests.get(link, headers=headers)
  File "/Library/Frameworks/Python.framework/Versions/3.8/lib/python3.8/site-packages/requests/api.py", line 76, in get
    return request('get', url, params=params, **kwargs)
  File "/Library/Frameworks/Python.framework/Versions/3.8/lib/python3.8/site-packages/requests/api.py", line 61, in request
    return session.request(method=method, url=url, **kwargs)
  File "/Library/Frameworks/Python.framework/Versions/3.8/lib/python3.8/site-packages/requests/sessions.py", line 530, in request
    resp = self.send(prep, **send_kwargs)
  File "/Library/Frameworks/Python.framework/Versions/3.8/lib/python3.8/site-packages/requests/sessions.py", line 643, in send
    r = adapter.send(request, **kwargs)
  File "/Library/Frameworks/Python.framework/Versions/3.8/lib/python3.8/site-packages/requests/adapters.py", line 498, in send
    raise ConnectionError(err, request=request)
requests.exceptions.ConnectionError: ('Connection aborted.', OSError(0, 'Error'))
>>> tslinks
['https://shockwave.streamvid.co/tsfiles/DFFAFFCE/1080K/2018/BECFABDE/11/DEFBIDAD/17/IBFDAEBH/79245-000.ts', 'https://shockwave.streamvid.co/tsfiles/DFFAFFCE/1080K/2018/BECFABDE/11/DEFBIDAD/17/IBFDAEBH/79245-001.ts', 'https://shockwave.streamvid.co/tsfiles/DFFAFFCE/1080K/2018/BECFABDE/11/DEFBIDAD/17/IBFDAEBH/79245-002.ts', 'https://shockwave.streamvid.co/tsfiles/DFFAFFCE/1080K/2018/BECFABDE/11/DEFBIDAD/17/IBFDAEBH/79245-003.ts', 'https://shockwave.streamvid.co/tsfiles/DFFAFFCE/1080K/2018/BECFABDE/11/DEFBIDAD/17/IBFDAEBH/79245-004.ts', 'https://shockwave.streamvid.co/tsfiles/DFFAFFCE/1080K/2018/BECFABDE/11/DEFBIDAD/17/IBFDAEBH/79245-005.ts', 'https://shockwave.streamvid.co/tsfiles/DFFAFFCE/1080K/2018/BECFABDE/11/DEFBIDAD/17/IBFDAEBH/79245-006.ts', 'https://shockwave.streamvid.co/tsfiles/DFFAFFCE/1080K/2018/BECFABDE/11/DEFBIDAD/17/IBFDAEBH/79245-007.ts', 'https://shockwave.streamvid.co/tsfiles/DFFAFFCE/1080K/2018/BECFABDE/11/DEFBIDAD/17/IBFDAEBH/79245-008.ts', 'https://shockwave.streamvid.co/tsfiles/DFFAFFCE/1080K/2018/BECFABDE/11/DEFBIDAD/17/IBFDAEBH/79245-009.ts', 'https://shockwave.streamvid.co/tsfiles/DFFAFFCE/1080K/2018/BECFABDE/11/DEFBIDAD/17/IBFDAEBH/79245-010.ts', 'https://shockwave.streamvid.co/tsfiles/DFFAFFCE/1080K/2018/BECFABDE/11/DEFBIDAD/17/IBFDAEBH/79245-011.ts', 'https://shockwave.streamvid.co/tsfiles/DFFAFFCE/1080K/2018/BECFABDE/11/DEFBIDAD/17/IBFDAEBH/79245-012.ts', 'https://shockwave.streamvid.co/tsfiles/DFFAFFCE/1080K/2018/BECFABDE/11/DEFBIDAD/17/IBFDAEBH/79245-013.ts', 'https://shockwave.streamvid.co/tsfiles/DFFAFFCE/1080K/2018/BECFABDE/11/DEFBIDAD/17/IBFDAEBH/79245-014.ts', 'https://shockwave.streamvid.co/tsfiles/DFFAFFCE/1080K/2018/BECFABDE/11/DEFBIDAD/17/IBFDAEBH/79245-015.ts', 'https://shockwave.streamvid.co/tsfiles/DFFAFFCE/1080K/2018/BECFABDE/11/DEFBIDAD/17/IBFDAEBH/79245-016.ts', 'https://shockwave.streamvid.co/tsfiles/DFFAFFCE/1080K/2018/BECFABDE/11/DEFBIDAD/17/IBFDAEBH/79245-017.ts', 'https://shockwave.streamvid.co/tsfiles/DFFAFFCE/1080K/2018/BECFABDE/11/DEFBIDAD/17/IBFDAEBH/79245-018.ts', 'https://shockwave.streamvid.co/tsfiles/DFFAFFCE/1080K/2018/BECFABDE/11/DEFBIDAD/17/IBFDAEBH/79245-019.ts', 'https://shockwave.streamvid.co/tsfiles/DFFAFFCE/1080K/2018/BECFABDE/11/DEFBIDAD/17/IBFDAEBH/79245-020.ts', 'https://shockwave.streamvid.co/tsfiles/DFFAFFCE/1080K/2018/BECFABDE/11/DEFBIDAD/17/IBFDAEBH/79245-021.ts', 'https://shockwave.streamvid.co/tsfiles/DFFAFFCE/1080K/2018/BECFABDE/11/DEFBIDAD/17/IBFDAEBH/79245-022.ts', 'https://shockwave.streamvid.co/tsfiles/DFFAFFCE/1080K/2018/BECFABDE/11/DEFBIDAD/17/IBFDAEBH/79245-023.ts', 'https://shockwave.streamvid.co/tsfiles/DFFAFFCE/1080K/2018/BECFABDE/11/DEFBIDAD/17/IBFDAEBH/79245-024.ts', 'https://shockwave.streamvid.co/tsfiles/DFFAFFCE/1080K/2018/BECFABDE/11/DEFBIDAD/17/IBFDAEBH/79245-025.ts', 'https://shockwave.streamvid.co/tsfiles/DFFAFFCE/1080K/2018/BECFABDE/11/DEFBIDAD/17/IBFDAEBH/79245-026.ts', 'https://shockwave.streamvid.co/tsfiles/DFFAFFCE/1080K/2018/BECFABDE/11/DEFBIDAD/17/IBFDAEBH/79245-027.ts', 'https://shockwave.streamvid.co/tsfiles/DFFAFFCE/1080K/2018/BECFABDE/11/DEFBIDAD/17/IBFDAEBH/79245-028.ts', 'https://shockwave.streamvid.co/tsfiles/DFFAFFCE/1080K/2018/BECFABDE/11/DEFBIDAD/17/IBFDAEBH/79245-029.ts', 'https://shockwave.streamvid.co/tsfiles/DFFAFFCE/1080K/2018/BECFABDE/11/DEFBIDAD/17/IBFDAEBH/79245-030.ts', 'https://shockwave.streamvid.co/tsfiles/DFFAFFCE/1080K/2018/BECFABDE/11/DEFBIDAD/17/IBFDAEBH/79245-031.ts', 'https://shockwave.streamvid.co/tsfiles/DFFAFFCE/1080K/2018/BECFABDE/11/DEFBIDAD/17/IBFDAEBH/79245-032.ts', 'https://shockwave.streamvid.co/tsfiles/DFFAFFCE/1080K/2018/BECFABDE/11/DEFBIDAD/17/IBFDAEBH/79245-033.ts', 'https://shockwave.streamvid.co/tsfiles/DFFAFFCE/1080K/2018/BECFABDE/11/DEFBIDAD/17/IBFDAEBH/79245-034.ts', 'https://shockwave.streamvid.co/tsfiles/DFFAFFCE/1080K/2018/BECFABDE/11/DEFBIDAD/17/IBFDAEBH/79245-035.ts', 'https://shockwave.streamvid.co/tsfiles/DFFAFFCE/1080K/2018/BECFABDE/11/DEFBIDAD/17/IBFDAEBH/79245-036.ts', 'https://shockwave.streamvid.co/tsfiles/DFFAFFCE/1080K/2018/BECFABDE/11/DEFBIDAD/17/IBFDAEBH/79245-037.ts', 'https://shockwave.streamvid.co/tsfiles/DFFAFFCE/1080K/2018/BECFABDE/11/DEFBIDAD/17/IBFDAEBH/79245-038.ts', 'https://shockwave.streamvid.co/tsfiles/DFFAFFCE/1080K/2018/BECFABDE/11/DEFBIDAD/17/IBFDAEBH/79245-039.ts', 'https://shockwave.streamvid.co/tsfiles/DFFAFFCE/1080K/2018/BECFABDE/11/DEFBIDAD/17/IBFDAEBH/79245-040.ts', 'https://shockwave.streamvid.co/tsfiles/DFFAFFCE/1080K/2018/BECFABDE/11/DEFBIDAD/17/IBFDAEBH/79245-041.ts', 'https://shockwave.streamvid.co/tsfiles/DFFAFFCE/1080K/2018/BECFABDE/11/DEFBIDAD/17/IBFDAEBH/79245-042.ts', 'https://shockwave.streamvid.co/tsfiles/DFFAFFCE/1080K/2018/BECFABDE/11/DEFBIDAD/17/IBFDAEBH/79245-043.ts', 'https://shockwave.streamvid.co/tsfiles/DFFAFFCE/1080K/2018/BECFABDE/11/DEFBIDAD/17/IBFDAEBH/79245-044.ts', 'https://shockwave.streamvid.co/tsfiles/DFFAFFCE/1080K/2018/BECFABDE/11/DEFBIDAD/17/IBFDAEBH/79245-045.ts', 'https://shockwave.streamvid.co/tsfiles/DFFAFFCE/1080K/2018/BECFABDE/11/DEFBIDAD/17/IBFDAEBH/79245-046.ts', 'https://shockwave.streamvid.co/tsfiles/DFFAFFCE/1080K/2018/BECFABDE/11/DEFBIDAD/17/IBFDAEBH/79245-047.ts', 'https://shockwave.streamvid.co/tsfiles/DFFAFFCE/1080K/2018/BECFABDE/11/DEFBIDAD/17/IBFDAEBH/79245-048.ts', 'https://shockwave.streamvid.co/tsfiles/DFFAFFCE/1080K/2018/BECFABDE/11/DEFBIDAD/17/IBFDAEBH/79245-049.ts', 'https://shockwave.streamvid.co/tsfiles/DFFAFFCE/1080K/2018/BECFABDE/11/DEFBIDAD/17/IBFDAEBH/79245-050.ts', 'https://shockwave.streamvid.co/tsfiles/DFFAFFCE/1080K/2018/BECFABDE/11/DEFBIDAD/17/IBFDAEBH/79245-051.ts', 'https://shockwave.streamvid.co/tsfiles/DFFAFFCE/1080K/2018/BECFABDE/11/DEFBIDAD/17/IBFDAEBH/79245-052.ts', 'https://shockwave.streamvid.co/tsfiles/DFFAFFCE/1080K/2018/BECFABDE/11/DEFBIDAD/17/IBFDAEBH/79245-053.ts', 'https://shockwave.streamvid.co/tsfiles/DFFAFFCE/1080K/2018/BECFABDE/11/DEFBIDAD/17/IBFDAEBH/79245-054.ts', 'https://shockwave.streamvid.co/tsfiles/DFFAFFCE/1080K/2018/BECFABDE/11/DEFBIDAD/17/IBFDAEBH/79245-055.ts', 'https://shockwave.streamvid.co/tsfiles/DFFAFFCE/1080K/2018/BECFABDE/11/DEFBIDAD/17/IBFDAEBH/79245-056.ts', 'https://shockwave.streamvid.co/tsfiles/DFFAFFCE/1080K/2018/BECFABDE/11/DEFBIDAD/17/IBFDAEBH/79245-057.ts', 'https://shockwave.streamvid.co/tsfiles/DFFAFFCE/1080K/2018/BECFABDE/11/DEFBIDAD/17/IBFDAEBH/79245-058.ts', 'https://shockwave.streamvid.co/tsfiles/DFFAFFCE/1080K/2018/BECFABDE/11/DEFBIDAD/17/IBFDAEBH/79245-059.ts', 'https://shockwave.streamvid.co/tsfiles/DFFAFFCE/1080K/2018/BECFABDE/11/DEFBIDAD/17/IBFDAEBH/79245-060.ts', 'https://shockwave.streamvid.co/tsfiles/DFFAFFCE/1080K/2018/BECFABDE/11/DEFBIDAD/17/IBFDAEBH/79245-061.ts', 'https://shockwave.streamvid.co/tsfiles/DFFAFFCE/1080K/2018/BECFABDE/11/DEFBIDAD/17/IBFDAEBH/79245-062.ts', 'https://shockwave.streamvid.co/tsfiles/DFFAFFCE/1080K/2018/BECFABDE/11/DEFBIDAD/17/IBFDAEBH/79245-063.ts', 'https://shockwave.streamvid.co/tsfiles/DFFAFFCE/1080K/2018/BECFABDE/11/DEFBIDAD/17/IBFDAEBH/79245-064.ts', 'https://shockwave.streamvid.co/tsfiles/DFFAFFCE/1080K/2018/BECFABDE/11/DEFBIDAD/17/IBFDAEBH/79245-065.ts', 'https://shockwave.streamvid.co/tsfiles/DFFAFFCE/1080K/2018/BECFABDE/11/DEFBIDAD/17/IBFDAEBH/79245-066.ts', 'https://shockwave.streamvid.co/tsfiles/DFFAFFCE/1080K/2018/BECFABDE/11/DEFBIDAD/17/IBFDAEBH/79245-067.ts', 'https://shockwave.streamvid.co/tsfiles/DFFAFFCE/1080K/2018/BECFABDE/11/DEFBIDAD/17/IBFDAEBH/79245-068.ts', 'https://shockwave.streamvid.co/tsfiles/DFFAFFCE/1080K/2018/BECFABDE/11/DEFBIDAD/17/IBFDAEBH/79245-069.ts', 'https://shockwave.streamvid.co/tsfiles/DFFAFFCE/1080K/2018/BECFABDE/11/DEFBIDAD/17/IBFDAEBH/79245-070.ts', 'https://shockwave.streamvid.co/tsfiles/DFFAFFCE/1080K/2018/BECFABDE/11/DEFBIDAD/17/IBFDAEBH/79245-071.ts', 'https://shockwave.streamvid.co/tsfiles/DFFAFFCE/1080K/2018/BECFABDE/11/DEFBIDAD/17/IBFDAEBH/79245-072.ts', 'https://shockwave.streamvid.co/tsfiles/DFFAFFCE/1080K/2018/BECFABDE/11/DEFBIDAD/17/IBFDAEBH/79245-073.ts', 'https://shockwave.streamvid.co/tsfiles/DFFAFFCE/1080K/2018/BECFABDE/11/DEFBIDAD/17/IBFDAEBH/79245-074.ts', 'https://shockwave.streamvid.co/tsfiles/DFFAFFCE/1080K/2018/BECFABDE/11/DEFBIDAD/17/IBFDAEBH/79245-075.ts', 'https://shockwave.streamvid.co/tsfiles/DFFAFFCE/1080K/2018/BECFABDE/11/DEFBIDAD/17/IBFDAEBH/79245-076.ts', 'https://shockwave.streamvid.co/tsfiles/DFFAFFCE/1080K/2018/BECFABDE/11/DEFBIDAD/17/IBFDAEBH/79245-077.ts', 'https://shockwave.streamvid.co/tsfiles/DFFAFFCE/1080K/2018/BECFABDE/11/DEFBIDAD/17/IBFDAEBH/79245-078.ts', 'https://shockwave.streamvid.co/tsfiles/DFFAFFCE/1080K/2018/BECFABDE/11/DEFBIDAD/17/IBFDAEBH/79245-079.ts', 'https://shockwave.streamvid.co/tsfiles/DFFAFFCE/1080K/2018/BECFABDE/11/DEFBIDAD/17/IBFDAEBH/79245-080.ts', 'https://shockwave.streamvid.co/tsfiles/DFFAFFCE/1080K/2018/BECFABDE/11/DEFBIDAD/17/IBFDAEBH/79245-081.ts', 'https://shockwave.streamvid.co/tsfiles/DFFAFFCE/1080K/2018/BECFABDE/11/DEFBIDAD/17/IBFDAEBH/79245-082.ts', 'https://shockwave.streamvid.co/tsfiles/DFFAFFCE/1080K/2018/BECFABDE/11/DEFBIDAD/17/IBFDAEBH/79245-083.ts', 'https://shockwave.streamvid.co/tsfiles/DFFAFFCE/1080K/2018/BECFABDE/11/DEFBIDAD/17/IBFDAEBH/79245-084.ts', 'https://shockwave.streamvid.co/tsfiles/DFFAFFCE/1080K/2018/BECFABDE/11/DEFBIDAD/17/IBFDAEBH/79245-085.ts', 'https://shockwave.streamvid.co/tsfiles/DFFAFFCE/1080K/2018/BECFABDE/11/DEFBIDAD/17/IBFDAEBH/79245-086.ts', 'https://shockwave.streamvid.co/tsfiles/DFFAFFCE/1080K/2018/BECFABDE/11/DEFBIDAD/17/IBFDAEBH/79245-087.ts', 'https://shockwave.streamvid.co/tsfiles/DFFAFFCE/1080K/2018/BECFABDE/11/DEFBIDAD/17/IBFDAEBH/79245-088.ts', 'https://shockwave.streamvid.co/tsfiles/DFFAFFCE/1080K/2018/BECFABDE/11/DEFBIDAD/17/IBFDAEBH/79245-089.ts', 'https://shockwave.streamvid.co/tsfiles/DFFAFFCE/1080K/2018/BECFABDE/11/DEFBIDAD/17/IBFDAEBH/79245-090.ts', 'https://shockwave.streamvid.co/tsfiles/DFFAFFCE/1080K/2018/BECFABDE/11/DEFBIDAD/17/IBFDAEBH/79245-091.ts', 'https://shockwave.streamvid.co/tsfiles/DFFAFFCE/1080K/2018/BECFABDE/11/DEFBIDAD/17/IBFDAEBH/79245-092.ts', 'https://shockwave.streamvid.co/tsfiles/DFFAFFCE/1080K/2018/BECFABDE/11/DEFBIDAD/17/IBFDAEBH/79245-093.ts', 'https://shockwave.streamvid.co/tsfiles/DFFAFFCE/1080K/2018/BECFABDE/11/DEFBIDAD/17/IBFDAEBH/79245-094.ts', 'https://shockwave.streamvid.co/tsfiles/DFFAFFCE/1080K/2018/BECFABDE/11/DEFBIDAD/17/IBFDAEBH/79245-095.ts', 'https://shockwave.streamvid.co/tsfiles/DFFAFFCE/1080K/2018/BECFABDE/11/DEFBIDAD/17/IBFDAEBH/79245-096.ts', 'https://shockwave.streamvid.co/tsfiles/DFFAFFCE/1080K/2018/BECFABDE/11/DEFBIDAD/17/IBFDAEBH/79245-097.ts', 'https://shockwave.streamvid.co/tsfiles/DFFAFFCE/1080K/2018/BECFABDE/11/DEFBIDAD/17/IBFDAEBH/79245-098.ts', 'https://shockwave.streamvid.co/tsfiles/DFFAFFCE/1080K/2018/BECFABDE/11/DEFBIDAD/17/IBFDAEBH/79245-099.ts', 'https://shockwave.streamvid.co/tsfiles/DFFAFFCE/1080K/2018/BECFABDE/11/DEFBIDAD/17/IBFDAEBH/79245-100.ts', 'https://shockwave.streamvid.co/tsfiles/DFFAFFCE/1080K/2018/BECFABDE/11/DEFBIDAD/17/IBFDAEBH/79245-101.ts', 'https://shockwave.streamvid.co/tsfiles/DFFAFFCE/1080K/2018/BECFABDE/11/DEFBIDAD/17/IBFDAEBH/79245-102.ts', 'https://shockwave.streamvid.co/tsfiles/DFFAFFCE/1080K/2018/BECFABDE/11/DEFBIDAD/17/IBFDAEBH/79245-103.ts', 'https://shockwave.streamvid.co/tsfiles/DFFAFFCE/1080K/2018/BECFABDE/11/DEFBIDAD/17/IBFDAEBH/79245-104.ts', 'https://shockwave.streamvid.co/tsfiles/DFFAFFCE/1080K/2018/BECFABDE/11/DEFBIDAD/17/IBFDAEBH/79245-105.ts', 'https://shockwave.streamvid.co/tsfiles/DFFAFFCE/1080K/2018/BECFABDE/11/DEFBIDAD/17/IBFDAEBH/79245-106.ts', 'https://shockwave.streamvid.co/tsfiles/DFFAFFCE/1080K/2018/BECFABDE/11/DEFBIDAD/17/IBFDAEBH/79245-107.ts', 'https://shockwave.streamvid.co/tsfiles/DFFAFFCE/1080K/2018/BECFABDE/11/DEFBIDAD/17/IBFDAEBH/79245-108.ts', 'https://shockwave.streamvid.co/tsfiles/DFFAFFCE/1080K/2018/BECFABDE/11/DEFBIDAD/17/IBFDAEBH/79245-109.ts', 'https://shockwave.streamvid.co/tsfiles/DFFAFFCE/1080K/2018/BECFABDE/11/DEFBIDAD/17/IBFDAEBH/79245-110.ts', 'https://shockwave.streamvid.co/tsfiles/DFFAFFCE/1080K/2018/BECFABDE/11/DEFBIDAD/17/IBFDAEBH/79245-111.ts', 'https://shockwave.streamvid.co/tsfiles/DFFAFFCE/1080K/2018/BECFABDE/11/DEFBIDAD/17/IBFDAEBH/79245-112.ts', 'https://shockwave.streamvid.co/tsfiles/DFFAFFCE/1080K/2018/BECFABDE/11/DEFBIDAD/17/IBFDAEBH/79245-113.ts', 'https://shockwave.streamvid.co/tsfiles/DFFAFFCE/1080K/2018/BECFABDE/11/DEFBIDAD/17/IBFDAEBH/79245-114.ts', 'https://shockwave.streamvid.co/tsfiles/DFFAFFCE/1080K/2018/BECFABDE/11/DEFBIDAD/17/IBFDAEBH/79245-115.ts', 'https://shockwave.streamvid.co/tsfiles/DFFAFFCE/1080K/2018/BECFABDE/11/DEFBIDAD/17/IBFDAEBH/79245-116.ts', 'https://shockwave.streamvid.co/tsfiles/DFFAFFCE/1080K/2018/BECFABDE/11/DEFBIDAD/17/IBFDAEBH/79245-117.ts', 'https://shockwave.streamvid.co/tsfiles/DFFAFFCE/1080K/2018/BECFABDE/11/DEFBIDAD/17/IBFDAEBH/79245-118.ts', 'https://shockwave.streamvid.co/tsfiles/DFFAFFCE/1080K/2018/BECFABDE/11/DEFBIDAD/17/IBFDAEBH/79245-119.ts', 'https://shockwave.streamvid.co/tsfiles/DFFAFFCE/1080K/2018/BECFABDE/11/DEFBIDAD/17/IBFDAEBH/79245-120.ts', 'https://shockwave.streamvid.co/tsfiles/DFFAFFCE/1080K/2018/BECFABDE/11/DEFBIDAD/17/IBFDAEBH/79245-121.ts', 'https://shockwave.streamvid.co/tsfiles/DFFAFFCE/1080K/2018/BECFABDE/11/DEFBIDAD/17/IBFDAEBH/79245-122.ts', 'https://shockwave.streamvid.co/tsfiles/DFFAFFCE/1080K/2018/BECFABDE/11/DEFBIDAD/17/IBFDAEBH/79245-123.ts', 'https://shockwave.streamvid.co/tsfiles/DFFAFFCE/1080K/2018/BECFABDE/11/DEFBIDAD/17/IBFDAEBH/79245-124.ts', 'https://shockwave.streamvid.co/tsfiles/DFFAFFCE/1080K/2018/BECFABDE/11/DEFBIDAD/17/IBFDAEBH/79245-125.ts', 'https://shockwave.streamvid.co/tsfiles/DFFAFFCE/1080K/2018/BECFABDE/11/DEFBIDAD/17/IBFDAEBH/79245-126.ts', 'https://shockwave.streamvid.co/tsfiles/DFFAFFCE/1080K/2018/BECFABDE/11/DEFBIDAD/17/IBFDAEBH/79245-127.ts', 'https://shockwave.streamvid.co/tsfiles/DFFAFFCE/1080K/2018/BECFABDE/11/DEFBIDAD/17/IBFDAEBH/79245-128.ts', 'https://shockwave.streamvid.co/tsfiles/DFFAFFCE/1080K/2018/BECFABDE/11/DEFBIDAD/17/IBFDAEBH/79245-129.ts', 'https://shockwave.streamvid.co/tsfiles/DFFAFFCE/1080K/2018/BECFABDE/11/DEFBIDAD/17/IBFDAEBH/79245-130.ts', 'https://shockwave.streamvid.co/tsfiles/DFFAFFCE/1080K/2018/BECFABDE/11/DEFBIDAD/17/IBFDAEBH/79245-131.ts', 'https://shockwave.streamvid.co/tsfiles/DFFAFFCE/1080K/2018/BECFABDE/11/DEFBIDAD/17/IBFDAEBH/79245-132.ts', 'https://shockwave.streamvid.co/tsfiles/DFFAFFCE/1080K/2018/BECFABDE/11/DEFBIDAD/17/IBFDAEBH/79245-133.ts', 'https://shockwave.streamvid.co/tsfiles/DFFAFFCE/1080K/2018/BECFABDE/11/DEFBIDAD/17/IBFDAEBH/79245-134.ts', 'https://shockwave.streamvid.co/tsfiles/DFFAFFCE/1080K/2018/BECFABDE/11/DEFBIDAD/17/IBFDAEBH/79245-135.ts', 'https://shockwave.streamvid.co/tsfiles/DFFAFFCE/1080K/2018/BECFABDE/11/DEFBIDAD/17/IBFDAEBH/79245-136.ts', 'https://shockwave.streamvid.co/tsfiles/DFFAFFCE/1080K/2018/BECFABDE/11/DEFBIDAD/17/IBFDAEBH/79245-137.ts', 'https://shockwave.streamvid.co/tsfiles/DFFAFFCE/1080K/2018/BECFABDE/11/DEFBIDAD/17/IBFDAEBH/79245-138.ts', 'https://shockwave.streamvid.co/tsfiles/DFFAFFCE/1080K/2018/BECFABDE/11/DEFBIDAD/17/IBFDAEBH/79245-139.ts', 'https://shockwave.streamvid.co/tsfiles/DFFAFFCE/1080K/2018/BECFABDE/11/DEFBIDAD/17/IBFDAEBH/79245-140.ts', 'https://shockwave.streamvid.co/tsfiles/DFFAFFCE/1080K/2018/BECFABDE/11/DEFBIDAD/17/IBFDAEBH/79245-141.ts', 'https://shockwave.streamvid.co/tsfiles/DFFAFFCE/1080K/2018/BECFABDE/11/DEFBIDAD/17/IBFDAEBH/79245-142.ts', 'https://shockwave.streamvid.co/tsfiles/DFFAFFCE/1080K/2018/BECFABDE/11/DEFBIDAD/17/IBFDAEBH/79245-143.ts', 'https://shockwave.streamvid.co/tsfiles/DFFAFFCE/1080K/2018/BECFABDE/11/DEFBIDAD/17/IBFDAEBH/79245-144.ts', 'https://shockwave.streamvid.co/tsfiles/DFFAFFCE/1080K/2018/BECFABDE/11/DEFBIDAD/17/IBFDAEBH/79245-145.ts', 'https://shockwave.streamvid.co/tsfiles/DFFAFFCE/1080K/2018/BECFABDE/11/DEFBIDAD/17/IBFDAEBH/79245-146.ts', 'https://shockwave.streamvid.co/tsfiles/DFFAFFCE/1080K/2018/BECFABDE/11/DEFBIDAD/17/IBFDAEBH/79245-147.ts', 'https://shockwave.streamvid.co/tsfiles/DFFAFFCE/1080K/2018/BECFABDE/11/DEFBIDAD/17/IBFDAEBH/79245-148.ts', 'https://shockwave.streamvid.co/tsfiles/DFFAFFCE/1080K/2018/BECFABDE/11/DEFBIDAD/17/IBFDAEBH/79245-149.ts', 'https://shockwave.streamvid.co/tsfiles/DFFAFFCE/1080K/2018/BECFABDE/11/DEFBIDAD/17/IBFDAEBH/79245-150.ts', 'https://shockwave.streamvid.co/tsfiles/DFFAFFCE/1080K/2018/BECFABDE/11/DEFBIDAD/17/IBFDAEBH/79245-151.ts', 'https://shockwave.streamvid.co/tsfiles/DFFAFFCE/1080K/2018/BECFABDE/11/DEFBIDAD/17/IBFDAEBH/79245-152.ts', 'https://shockwave.streamvid.co/tsfiles/DFFAFFCE/1080K/2018/BECFABDE/11/DEFBIDAD/17/IBFDAEBH/79245-153.ts', 'https://shockwave.streamvid.co/tsfiles/DFFAFFCE/1080K/2018/BECFABDE/11/DEFBIDAD/17/IBFDAEBH/79245-154.ts', 'https://shockwave.streamvid.co/tsfiles/DFFAFFCE/1080K/2018/BECFABDE/11/DEFBIDAD/17/IBFDAEBH/79245-155.ts', 'https://shockwave.streamvid.co/tsfiles/DFFAFFCE/1080K/2018/BECFABDE/11/DEFBIDAD/17/IBFDAEBH/79245-156.ts', 'https://shockwave.streamvid.co/tsfiles/DFFAFFCE/1080K/2018/BECFABDE/11/DEFBIDAD/17/IBFDAEBH/79245-157.ts', 'https://shockwave.streamvid.co/tsfiles/DFFAFFCE/1080K/2018/BECFABDE/11/DEFBIDAD/17/IBFDAEBH/79245-158.ts', 'https://shockwave.streamvid.co/tsfiles/DFFAFFCE/1080K/2018/BECFABDE/11/DEFBIDAD/17/IBFDAEBH/79245-159.ts', 'https://shockwave.streamvid.co/tsfiles/DFFAFFCE/1080K/2018/BECFABDE/11/DEFBIDAD/17/IBFDAEBH/79245-160.ts', 'https://shockwave.streamvid.co/tsfiles/DFFAFFCE/1080K/2018/BECFABDE/11/DEFBIDAD/17/IBFDAEBH/79245-161.ts', 'https://shockwave.streamvid.co/tsfiles/DFFAFFCE/1080K/2018/BECFABDE/11/DEFBIDAD/17/IBFDAEBH/79245-162.ts', 'https://shockwave.streamvid.co/tsfiles/DFFAFFCE/1080K/2018/BECFABDE/11/DEFBIDAD/17/IBFDAEBH/79245-163.ts', 'https://shockwave.streamvid.co/tsfiles/DFFAFFCE/1080K/2018/BECFABDE/11/DEFBIDAD/17/IBFDAEBH/79245-164.ts', 'https://shockwave.streamvid.co/tsfiles/DFFAFFCE/1080K/2018/BECFABDE/11/DEFBIDAD/17/IBFDAEBH/79245-165.ts', 'https://shockwave.streamvid.co/tsfiles/DFFAFFCE/1080K/2018/BECFABDE/11/DEFBIDAD/17/IBFDAEBH/79245-166.ts', 'https://shockwave.streamvid.co/tsfiles/DFFAFFCE/1080K/2018/BECFABDE/11/DEFBIDAD/17/IBFDAEBH/79245-167.ts', 'https://shockwave.streamvid.co/tsfiles/DFFAFFCE/1080K/2018/BECFABDE/11/DEFBIDAD/17/IBFDAEBH/79245-168.ts', 'https://shockwave.streamvid.co/tsfiles/DFFAFFCE/1080K/2018/BECFABDE/11/DEFBIDAD/17/IBFDAEBH/79245-169.ts', 'https://shockwave.streamvid.co/tsfiles/DFFAFFCE/1080K/2018/BECFABDE/11/DEFBIDAD/17/IBFDAEBH/79245-170.ts', 'https://shockwave.streamvid.co/tsfiles/DFFAFFCE/1080K/2018/BECFABDE/11/DEFBIDAD/17/IBFDAEBH/79245-171.ts', 'https://shockwave.streamvid.co/tsfiles/DFFAFFCE/1080K/2018/BECFABDE/11/DEFBIDAD/17/IBFDAEBH/79245-172.ts', 'https://shockwave.streamvid.co/tsfiles/DFFAFFCE/1080K/2018/BECFABDE/11/DEFBIDAD/17/IBFDAEBH/79245-173.ts', 'https://shockwave.streamvid.co/tsfiles/DFFAFFCE/1080K/2018/BECFABDE/11/DEFBIDAD/17/IBFDAEBH/79245-174.ts', 'https://shockwave.streamvid.co/tsfiles/DFFAFFCE/1080K/2018/BECFABDE/11/DEFBIDAD/17/IBFDAEBH/79245-175.ts', 'https://shockwave.streamvid.co/tsfiles/DFFAFFCE/1080K/2018/BECFABDE/11/DEFBIDAD/17/IBFDAEBH/79245-176.ts', 'https://shockwave.streamvid.co/tsfiles/DFFAFFCE/1080K/2018/BECFABDE/11/DEFBIDAD/17/IBFDAEBH/79245-177.ts', 'https://shockwave.streamvid.co/tsfiles/DFFAFFCE/1080K/2018/BECFABDE/11/DEFBIDAD/17/IBFDAEBH/79245-178.ts', 'https://shockwave.streamvid.co/tsfiles/DFFAFFCE/1080K/2018/BECFABDE/11/DEFBIDAD/17/IBFDAEBH/79245-179.ts', 'https://shockwave.streamvid.co/tsfiles/DFFAFFCE/1080K/2018/BECFABDE/11/DEFBIDAD/17/IBFDAEBH/79245-180.ts', 'https://shockwave.streamvid.co/tsfiles/DFFAFFCE/1080K/2018/BECFABDE/11/DEFBIDAD/17/IBFDAEBH/79245-181.ts', 'https://shockwave.streamvid.co/tsfiles/DFFAFFCE/1080K/2018/BECFABDE/11/DEFBIDAD/17/IBFDAEBH/79245-182.ts', 'https://shockwave.streamvid.co/tsfiles/DFFAFFCE/1080K/2018/BECFABDE/11/DEFBIDAD/17/IBFDAEBH/79245-183.ts', 'https://shockwave.streamvid.co/tsfiles/DFFAFFCE/1080K/2018/BECFABDE/11/DEFBIDAD/17/IBFDAEBH/79245-184.ts', 'https://shockwave.streamvid.co/tsfiles/DFFAFFCE/1080K/2018/BECFABDE/11/DEFBIDAD/17/IBFDAEBH/79245-185.ts', 'https://shockwave.streamvid.co/tsfiles/DFFAFFCE/1080K/2018/BECFABDE/11/DEFBIDAD/17/IBFDAEBH/79245-186.ts', 'https://shockwave.streamvid.co/tsfiles/DFFAFFCE/1080K/2018/BECFABDE/11/DEFBIDAD/17/IBFDAEBH/79245-187.ts', 'https://shockwave.streamvid.co/tsfiles/DFFAFFCE/1080K/2018/BECFABDE/11/DEFBIDAD/17/IBFDAEBH/79245-188.ts', 'https://shockwave.streamvid.co/tsfiles/DFFAFFCE/1080K/2018/BECFABDE/11/DEFBIDAD/17/IBFDAEBH/79245-189.ts', 'https://shockwave.streamvid.co/tsfiles/DFFAFFCE/1080K/2018/BECFABDE/11/DEFBIDAD/17/IBFDAEBH/79245-190.ts', 'https://shockwave.streamvid.co/tsfiles/DFFAFFCE/1080K/2018/BECFABDE/11/DEFBIDAD/17/IBFDAEBH/79245-191.ts', 'https://shockwave.streamvid.co/tsfiles/DFFAFFCE/1080K/2018/BECFABDE/11/DEFBIDAD/17/IBFDAEBH/79245-192.ts', 'https://shockwave.streamvid.co/tsfiles/DFFAFFCE/1080K/2018/BECFABDE/11/DEFBIDAD/17/IBFDAEBH/79245-193.ts', 'https://shockwave.streamvid.co/tsfiles/DFFAFFCE/1080K/2018/BECFABDE/11/DEFBIDAD/17/IBFDAEBH/79245-194.ts', 'https://shockwave.streamvid.co/tsfiles/DFFAFFCE/1080K/2018/BECFABDE/11/DEFBIDAD/17/IBFDAEBH/79245-195.ts', 'https://shockwave.streamvid.co/tsfiles/DFFAFFCE/1080K/2018/BECFABDE/11/DEFBIDAD/17/IBFDAEBH/79245-196.ts', 'https://shockwave.streamvid.co/tsfiles/DFFAFFCE/1080K/2018/BECFABDE/11/DEFBIDAD/17/IBFDAEBH/79245-197.ts', 'https://shockwave.streamvid.co/tsfiles/DFFAFFCE/1080K/2018/BECFABDE/11/DEFBIDAD/17/IBFDAEBH/79245-198.ts', 'https://shockwave.streamvid.co/tsfiles/DFFAFFCE/1080K/2018/BECFABDE/11/DEFBIDAD/17/IBFDAEBH/79245-199.ts', 'https://shockwave.streamvid.co/tsfiles/DFFAFFCE/1080K/2018/BECFABDE/11/DEFBIDAD/17/IBFDAEBH/79245-200.ts', 'https://shockwave.streamvid.co/tsfiles/DFFAFFCE/1080K/2018/BECFABDE/11/DEFBIDAD/17/IBFDAEBH/79245-201.ts', 'https://shockwave.streamvid.co/tsfiles/DFFAFFCE/1080K/2018/BECFABDE/11/DEFBIDAD/17/IBFDAEBH/79245-202.ts', 'https://shockwave.streamvid.co/tsfiles/DFFAFFCE/1080K/2018/BECFABDE/11/DEFBIDAD/17/IBFDAEBH/79245-203.ts', 'https://shockwave.streamvid.co/tsfiles/DFFAFFCE/1080K/2018/BECFABDE/11/DEFBIDAD/17/IBFDAEBH/79245-204.ts', 'https://shockwave.streamvid.co/tsfiles/DFFAFFCE/1080K/2018/BECFABDE/11/DEFBIDAD/17/IBFDAEBH/79245-205.ts', 'https://shockwave.streamvid.co/tsfiles/DFFAFFCE/1080K/2018/BECFABDE/11/DEFBIDAD/17/IBFDAEBH/79245-206.ts', 'https://shockwave.streamvid.co/tsfiles/DFFAFFCE/1080K/2018/BECFABDE/11/DEFBIDAD/17/IBFDAEBH/79245-207.ts', 'https://shockwave.streamvid.co/tsfiles/DFFAFFCE/1080K/2018/BECFABDE/11/DEFBIDAD/17/IBFDAEBH/79245-208.ts', 'https://shockwave.streamvid.co/tsfiles/DFFAFFCE/1080K/2018/BECFABDE/11/DEFBIDAD/17/IBFDAEBH/79245-209.ts', 'https://shockwave.streamvid.co/tsfiles/DFFAFFCE/1080K/2018/BECFABDE/11/DEFBIDAD/17/IBFDAEBH/79245-210.ts', 'https://shockwave.streamvid.co/tsfiles/DFFAFFCE/1080K/2018/BECFABDE/11/DEFBIDAD/17/IBFDAEBH/79245-211.ts', 'https://shockwave.streamvid.co/tsfiles/DFFAFFCE/1080K/2018/BECFABDE/11/DEFBIDAD/17/IBFDAEBH/79245-212.ts', 'https://shockwave.streamvid.co/tsfiles/DFFAFFCE/1080K/2018/BECFABDE/11/DEFBIDAD/17/IBFDAEBH/79245-213.ts', 'https://shockwave.streamvid.co/tsfiles/DFFAFFCE/1080K/2018/BECFABDE/11/DEFBIDAD/17/IBFDAEBH/79245-214.ts', 'https://shockwave.streamvid.co/tsfiles/DFFAFFCE/1080K/2018/BECFABDE/11/DEFBIDAD/17/IBFDAEBH/79245-215.ts', 'https://shockwave.streamvid.co/tsfiles/DFFAFFCE/1080K/2018/BECFABDE/11/DEFBIDAD/17/IBFDAEBH/79245-216.ts', 'https://shockwave.streamvid.co/tsfiles/DFFAFFCE/1080K/2018/BECFABDE/11/DEFBIDAD/17/IBFDAEBH/79245-217.ts', 'https://shockwave.streamvid.co/tsfiles/DFFAFFCE/1080K/2018/BECFABDE/11/DEFBIDAD/17/IBFDAEBH/79245-218.ts', 'https://shockwave.streamvid.co/tsfiles/DFFAFFCE/1080K/2018/BECFABDE/11/DEFBIDAD/17/IBFDAEBH/79245-219.ts', 'https://shockwave.streamvid.co/tsfiles/DFFAFFCE/1080K/2018/BECFABDE/11/DEFBIDAD/17/IBFDAEBH/79245-220.ts', 'https://shockwave.streamvid.co/tsfiles/DFFAFFCE/1080K/2018/BECFABDE/11/DEFBIDAD/17/IBFDAEBH/79245-221.ts', 'https://shockwave.streamvid.co/tsfiles/DFFAFFCE/1080K/2018/BECFABDE/11/DEFBIDAD/17/IBFDAEBH/79245-222.ts', 'https://shockwave.streamvid.co/tsfiles/DFFAFFCE/1080K/2018/BECFABDE/11/DEFBIDAD/17/IBFDAEBH/79245-223.ts', 'https://shockwave.streamvid.co/tsfiles/DFFAFFCE/1080K/2018/BECFABDE/11/DEFBIDAD/17/IBFDAEBH/79245-224.ts', 'https://shockwave.streamvid.co/tsfiles/DFFAFFCE/1080K/2018/BECFABDE/11/DEFBIDAD/17/IBFDAEBH/79245-225.ts', 'https://shockwave.streamvid.co/tsfiles/DFFAFFCE/1080K/2018/BECFABDE/11/DEFBIDAD/17/IBFDAEBH/79245-226.ts', 'https://shockwave.streamvid.co/tsfiles/DFFAFFCE/1080K/2018/BECFABDE/11/DEFBIDAD/17/IBFDAEBH/79245-227.ts', 'https://shockwave.streamvid.co/tsfiles/DFFAFFCE/1080K/2018/BECFABDE/11/DEFBIDAD/17/IBFDAEBH/79245-228.ts', 'https://shockwave.streamvid.co/tsfiles/DFFAFFCE/1080K/2018/BECFABDE/11/DEFBIDAD/17/IBFDAEBH/79245-229.ts', 'https://shockwave.streamvid.co/tsfiles/DFFAFFCE/1080K/2018/BECFABDE/11/DEFBIDAD/17/IBFDAEBH/79245-230.ts', 'https://shockwave.streamvid.co/tsfiles/DFFAFFCE/1080K/2018/BECFABDE/11/DEFBIDAD/17/IBFDAEBH/79245-231.ts', 'https://shockwave.streamvid.co/tsfiles/DFFAFFCE/1080K/2018/BECFABDE/11/DEFBIDAD/17/IBFDAEBH/79245-232.ts', 'https://shockwave.streamvid.co/tsfiles/DFFAFFCE/1080K/2018/BECFABDE/11/DEFBIDAD/17/IBFDAEBH/79245-233.ts', 'https://shockwave.streamvid.co/tsfiles/DFFAFFCE/1080K/2018/BECFABDE/11/DEFBIDAD/17/IBFDAEBH/79245-234.ts', 'https://shockwave.streamvid.co/tsfiles/DFFAFFCE/1080K/2018/BECFABDE/11/DEFBIDAD/17/IBFDAEBH/79245-235.ts', 'https://shockwave.streamvid.co/tsfiles/DFFAFFCE/1080K/2018/BECFABDE/11/DEFBIDAD/17/IBFDAEBH/79245-236.ts', 'https://shockwave.streamvid.co/tsfiles/DFFAFFCE/1080K/2018/BECFABDE/11/DEFBIDAD/17/IBFDAEBH/79245-237.ts', 'https://shockwave.streamvid.co/tsfiles/DFFAFFCE/1080K/2018/BECFABDE/11/DEFBIDAD/17/IBFDAEBH/79245-238.ts', 'https://shockwave.streamvid.co/tsfiles/DFFAFFCE/1080K/2018/BECFABDE/11/DEFBIDAD/17/IBFDAEBH/79245-239.ts', 'https://shockwave.streamvid.co/tsfiles/DFFAFFCE/1080K/2018/BECFABDE/11/DEFBIDAD/17/IBFDAEBH/79245-240.ts', 'https://shockwave.streamvid.co/tsfiles/DFFAFFCE/1080K/2018/BECFABDE/11/DEFBIDAD/17/IBFDAEBH/79245-241.ts', 'https://shockwave.streamvid.co/tsfiles/DFFAFFCE/1080K/2018/BECFABDE/11/DEFBIDAD/17/IBFDAEBH/79245-242.ts', 'https://shockwave.streamvid.co/tsfiles/DFFAFFCE/1080K/2018/BECFABDE/11/DEFBIDAD/17/IBFDAEBH/79245-243.ts', 'https://shockwave.streamvid.co/tsfiles/DFFAFFCE/1080K/2018/BECFABDE/11/DEFBIDAD/17/IBFDAEBH/79245-244.ts', 'https://shockwave.streamvid.co/tsfiles/DFFAFFCE/1080K/2018/BECFABDE/11/DEFBIDAD/17/IBFDAEBH/79245-245.ts', 'https://shockwave.streamvid.co/tsfiles/DFFAFFCE/1080K/2018/BECFABDE/11/DEFBIDAD/17/IBFDAEBH/79245-246.ts', 'https://shockwave.streamvid.co/tsfiles/DFFAFFCE/1080K/2018/BECFABDE/11/DEFBIDAD/17/IBFDAEBH/79245-247.ts', 'https://shockwave.streamvid.co/tsfiles/DFFAFFCE/1080K/2018/BECFABDE/11/DEFBIDAD/17/IBFDAEBH/79245-248.ts', 'https://shockwave.streamvid.co/tsfiles/DFFAFFCE/1080K/2018/BECFABDE/11/DEFBIDAD/17/IBFDAEBH/79245-249.ts', 'https://shockwave.streamvid.co/tsfiles/DFFAFFCE/1080K/2018/BECFABDE/11/DEFBIDAD/17/IBFDAEBH/79245-250.ts', 'https://shockwave.streamvid.co/tsfiles/DFFAFFCE/1080K/2018/BECFABDE/11/DEFBIDAD/17/IBFDAEBH/79245-251.ts', 'https://shockwave.streamvid.co/tsfiles/DFFAFFCE/1080K/2018/BECFABDE/11/DEFBIDAD/17/IBFDAEBH/79245-252.ts']
>>> requests.get('https://shockwave.streamvid.co/tsfiles/DFFAFFCE/1080K/2018/BECFABDE/11/DEFBIDAD/17/IBFDAEBH/79245-229.ts',headers=headers)
<Response [200]>
>>> exit()
MicaHortonsAir:pirate-scraper mica$ python3 -i pirateScraper.py
Show Name: Legacies
Season #: 1
Episode 16: There's Always a Loophole                                            https://streamvid.co/player/1Vecuehc1GCr7Hn/
Episode 15: I’ll Tell You a Story                                                https://streamvid.co/player/HduM7u6i4741w5d/
Episode 14: Let's Just Finish the Dance                                          https://streamvid.co/player/DSZUmJ9iUB2aPUR/
Episode 13: The Boy Who Still Has a Lot of Good to Do                            https://streamvid.co/player/MdTvbNwMvgCDbCN/
Episode 12: There's a Mummy on Main Street                                       https://streamvid.co/player/ZdGltUPZ2mY1FKy/
Episode 11: We're Gonna Need A Spotlight                                         https://streamvid.co/player/RXaC43H3MF2WxPp/
Episode 10: There's a World Where Your Dreams Come True                          https://streamvid.co/player/VyJ8UPutlGOIFa6/
Episode 9: What Was Hope Doing in Your Dreams?                                   https://streamvid.co/player/ASJd6aOlZftlnqN/
Episode 8: Maybe I Should Start From The End                                     https://streamvid.co/player/RJ9lq2IkLRaiANv/
Episode 7: Death Keeps Knocking On My Door                                       https://streamvid.co/player/HaxtLuIQatK8bRf/
Episode 6: Mombie Dearest                                                        https://streamvid.co/player/agW3o082rtpokBk/
Episode 5: Malivore                                                              https://streamvid.co/player/lUSMHkWRjXLIkIu/
Episode 4: Hope Is Not The Goal                                                  https://streamvid.co/player/JtKb06caNkt9dHV/
Episode 3: We’re Being Punked, Pedro                                             https://streamvid.co/player/9jqwtmiIpkdE90t/
Episode 2: Some People Just Want To Watch The World Burn                         https://streamvid.co/player/7NWkXLDBfWR5ALO/
Episode 1: This is the Part Where You Run                                        https://streamvid.co/player/L2hyphi9lp3F1DX/
Download Episodes?
3
254  files to install.
Traceback (most recent call last):
  File "/Library/Frameworks/Python.framework/Versions/3.8/lib/python3.8/site-packages/urllib3/connectionpool.py", line 665, in urlopen
    httplib_response = self._make_request(
  File "/Library/Frameworks/Python.framework/Versions/3.8/lib/python3.8/site-packages/urllib3/connectionpool.py", line 421, in _make_request
    six.raise_from(e, None)
  File "<string>", line 3, in raise_from
  File "/Library/Frameworks/Python.framework/Versions/3.8/lib/python3.8/site-packages/urllib3/connectionpool.py", line 416, in _make_request
    httplib_response = conn.getresponse()
  File "/Library/Frameworks/Python.framework/Versions/3.8/lib/python3.8/http/client.py", line 1322, in getresponse
    response.begin()
  File "/Library/Frameworks/Python.framework/Versions/3.8/lib/python3.8/http/client.py", line 303, in begin
    version, status, reason = self._read_status()
  File "/Library/Frameworks/Python.framework/Versions/3.8/lib/python3.8/http/client.py", line 272, in _read_status
    raise RemoteDisconnected("Remote end closed connection without"
http.client.RemoteDisconnected: Remote end closed connection without response

During handling of the above exception, another exception occurred:

Traceback (most recent call last):
  File "/Library/Frameworks/Python.framework/Versions/3.8/lib/python3.8/site-packages/requests/adapters.py", line 439, in send
    resp = conn.urlopen(
  File "/Library/Frameworks/Python.framework/Versions/3.8/lib/python3.8/site-packages/urllib3/connectionpool.py", line 719, in urlopen
    retries = retries.increment(
  File "/Library/Frameworks/Python.framework/Versions/3.8/lib/python3.8/site-packages/urllib3/util/retry.py", line 400, in increment
    raise six.reraise(type(error), error, _stacktrace)
  File "/Library/Frameworks/Python.framework/Versions/3.8/lib/python3.8/site-packages/urllib3/packages/six.py", line 734, in reraise
    raise value.with_traceback(tb)
  File "/Library/Frameworks/Python.framework/Versions/3.8/lib/python3.8/site-packages/urllib3/connectionpool.py", line 665, in urlopen
    httplib_response = self._make_request(
  File "/Library/Frameworks/Python.framework/Versions/3.8/lib/python3.8/site-packages/urllib3/connectionpool.py", line 421, in _make_request
    six.raise_from(e, None)
  File "<string>", line 3, in raise_from
  File "/Library/Frameworks/Python.framework/Versions/3.8/lib/python3.8/site-packages/urllib3/connectionpool.py", line 416, in _make_request
    httplib_response = conn.getresponse()
  File "/Library/Frameworks/Python.framework/Versions/3.8/lib/python3.8/http/client.py", line 1322, in getresponse
    response.begin()
  File "/Library/Frameworks/Python.framework/Versions/3.8/lib/python3.8/http/client.py", line 303, in begin
    version, status, reason = self._read_status()
  File "/Library/Frameworks/Python.framework/Versions/3.8/lib/python3.8/http/client.py", line 272, in _read_status
    raise RemoteDisconnected("Remote end closed connection without"
urllib3.exceptions.ProtocolError: ('Connection aborted.', RemoteDisconnected('Remote end closed connection without response'))

During handling of the above exception, another exception occurred:

Traceback (most recent call last):
  File "pirateScraper.py", line 146, in <module>
    downloadTsFile(link, path)
  File "pirateScraper.py", line 114, in downloadTsFile
    tsfile = requests.get(link, headers=headers)
  File "/Library/Frameworks/Python.framework/Versions/3.8/lib/python3.8/site-packages/requests/api.py", line 76, in get
    return request('get', url, params=params, **kwargs)
  File "/Library/Frameworks/Python.framework/Versions/3.8/lib/python3.8/site-packages/requests/api.py", line 61, in request
    return session.request(method=method, url=url, **kwargs)
  File "/Library/Frameworks/Python.framework/Versions/3.8/lib/python3.8/site-packages/requests/sessions.py", line 530, in request
    resp = self.send(prep, **send_kwargs)
  File "/Library/Frameworks/Python.framework/Versions/3.8/lib/python3.8/site-packages/requests/sessions.py", line 643, in send
    r = adapter.send(request, **kwargs)
  File "/Library/Frameworks/Python.framework/Versions/3.8/lib/python3.8/site-packages/requests/adapters.py", line 498, in send
    raise ConnectionError(err, request=request)
requests.exceptions.ConnectionError: ('Connection aborted.', RemoteDisconnected('Remote end closed connection without response'))
>>> tslist
Traceback (most recent call last):
  File "<stdin>", line 1, in <module>
NameError: name 'tslist' is not defined
>>> tslinks
['https://shockwave.streamvid.co/tsfiles/DBCBFCCH/1080K/2018/CHFECAFB/11/HDHCAEHA/10/HGFBAAED/01991-000.ts', 'https://shockwave.streamvid.co/tsfiles/DBCBFCCH/1080K/2018/CHFECAFB/11/HDHCAEHA/10/HGFBAAED/01991-001.ts', 'https://shockwave.streamvid.co/tsfiles/DBCBFCCH/1080K/2018/CHFECAFB/11/HDHCAEHA/10/HGFBAAED/01991-002.ts', 'https://shockwave.streamvid.co/tsfiles/DBCBFCCH/1080K/2018/CHFECAFB/11/HDHCAEHA/10/HGFBAAED/01991-003.ts', 'https://shockwave.streamvid.co/tsfiles/DBCBFCCH/1080K/2018/CHFECAFB/11/HDHCAEHA/10/HGFBAAED/01991-004.ts', 'https://shockwave.streamvid.co/tsfiles/DBCBFCCH/1080K/2018/CHFECAFB/11/HDHCAEHA/10/HGFBAAED/01991-005.ts', 'https://shockwave.streamvid.co/tsfiles/DBCBFCCH/1080K/2018/CHFECAFB/11/HDHCAEHA/10/HGFBAAED/01991-006.ts', 'https://shockwave.streamvid.co/tsfiles/DBCBFCCH/1080K/2018/CHFECAFB/11/HDHCAEHA/10/HGFBAAED/01991-007.ts', 'https://shockwave.streamvid.co/tsfiles/DBCBFCCH/1080K/2018/CHFECAFB/11/HDHCAEHA/10/HGFBAAED/01991-008.ts', 'https://shockwave.streamvid.co/tsfiles/DBCBFCCH/1080K/2018/CHFECAFB/11/HDHCAEHA/10/HGFBAAED/01991-009.ts', 'https://shockwave.streamvid.co/tsfiles/DBCBFCCH/1080K/2018/CHFECAFB/11/HDHCAEHA/10/HGFBAAED/01991-010.ts', 'https://shockwave.streamvid.co/tsfiles/DBCBFCCH/1080K/2018/CHFECAFB/11/HDHCAEHA/10/HGFBAAED/01991-011.ts', 'https://shockwave.streamvid.co/tsfiles/DBCBFCCH/1080K/2018/CHFECAFB/11/HDHCAEHA/10/HGFBAAED/01991-012.ts', 'https://shockwave.streamvid.co/tsfiles/DBCBFCCH/1080K/2018/CHFECAFB/11/HDHCAEHA/10/HGFBAAED/01991-013.ts', 'https://shockwave.streamvid.co/tsfiles/DBCBFCCH/1080K/2018/CHFECAFB/11/HDHCAEHA/10/HGFBAAED/01991-014.ts', 'https://shockwave.streamvid.co/tsfiles/DBCBFCCH/1080K/2018/CHFECAFB/11/HDHCAEHA/10/HGFBAAED/01991-015.ts', 'https://shockwave.streamvid.co/tsfiles/DBCBFCCH/1080K/2018/CHFECAFB/11/HDHCAEHA/10/HGFBAAED/01991-016.ts', 'https://shockwave.streamvid.co/tsfiles/DBCBFCCH/1080K/2018/CHFECAFB/11/HDHCAEHA/10/HGFBAAED/01991-017.ts', 'https://shockwave.streamvid.co/tsfiles/DBCBFCCH/1080K/2018/CHFECAFB/11/HDHCAEHA/10/HGFBAAED/01991-018.ts', 'https://shockwave.streamvid.co/tsfiles/DBCBFCCH/1080K/2018/CHFECAFB/11/HDHCAEHA/10/HGFBAAED/01991-019.ts', 'https://shockwave.streamvid.co/tsfiles/DBCBFCCH/1080K/2018/CHFECAFB/11/HDHCAEHA/10/HGFBAAED/01991-020.ts', 'https://shockwave.streamvid.co/tsfiles/DBCBFCCH/1080K/2018/CHFECAFB/11/HDHCAEHA/10/HGFBAAED/01991-021.ts', 'https://shockwave.streamvid.co/tsfiles/DBCBFCCH/1080K/2018/CHFECAFB/11/HDHCAEHA/10/HGFBAAED/01991-022.ts', 'https://shockwave.streamvid.co/tsfiles/DBCBFCCH/1080K/2018/CHFECAFB/11/HDHCAEHA/10/HGFBAAED/01991-023.ts', 'https://shockwave.streamvid.co/tsfiles/DBCBFCCH/1080K/2018/CHFECAFB/11/HDHCAEHA/10/HGFBAAED/01991-024.ts', 'https://shockwave.streamvid.co/tsfiles/DBCBFCCH/1080K/2018/CHFECAFB/11/HDHCAEHA/10/HGFBAAED/01991-025.ts', 'https://shockwave.streamvid.co/tsfiles/DBCBFCCH/1080K/2018/CHFECAFB/11/HDHCAEHA/10/HGFBAAED/01991-026.ts', 'https://shockwave.streamvid.co/tsfiles/DBCBFCCH/1080K/2018/CHFECAFB/11/HDHCAEHA/10/HGFBAAED/01991-027.ts', 'https://shockwave.streamvid.co/tsfiles/DBCBFCCH/1080K/2018/CHFECAFB/11/HDHCAEHA/10/HGFBAAED/01991-028.ts', 'https://shockwave.streamvid.co/tsfiles/DBCBFCCH/1080K/2018/CHFECAFB/11/HDHCAEHA/10/HGFBAAED/01991-029.ts', 'https://shockwave.streamvid.co/tsfiles/DBCBFCCH/1080K/2018/CHFECAFB/11/HDHCAEHA/10/HGFBAAED/01991-030.ts', 'https://shockwave.streamvid.co/tsfiles/DBCBFCCH/1080K/2018/CHFECAFB/11/HDHCAEHA/10/HGFBAAED/01991-031.ts', 'https://shockwave.streamvid.co/tsfiles/DBCBFCCH/1080K/2018/CHFECAFB/11/HDHCAEHA/10/HGFBAAED/01991-032.ts', 'https://shockwave.streamvid.co/tsfiles/DBCBFCCH/1080K/2018/CHFECAFB/11/HDHCAEHA/10/HGFBAAED/01991-033.ts', 'https://shockwave.streamvid.co/tsfiles/DBCBFCCH/1080K/2018/CHFECAFB/11/HDHCAEHA/10/HGFBAAED/01991-034.ts', 'https://shockwave.streamvid.co/tsfiles/DBCBFCCH/1080K/2018/CHFECAFB/11/HDHCAEHA/10/HGFBAAED/01991-035.ts', 'https://shockwave.streamvid.co/tsfiles/DBCBFCCH/1080K/2018/CHFECAFB/11/HDHCAEHA/10/HGFBAAED/01991-036.ts', 'https://shockwave.streamvid.co/tsfiles/DBCBFCCH/1080K/2018/CHFECAFB/11/HDHCAEHA/10/HGFBAAED/01991-037.ts', 'https://shockwave.streamvid.co/tsfiles/DBCBFCCH/1080K/2018/CHFECAFB/11/HDHCAEHA/10/HGFBAAED/01991-038.ts', 'https://shockwave.streamvid.co/tsfiles/DBCBFCCH/1080K/2018/CHFECAFB/11/HDHCAEHA/10/HGFBAAED/01991-039.ts', 'https://shockwave.streamvid.co/tsfiles/DBCBFCCH/1080K/2018/CHFECAFB/11/HDHCAEHA/10/HGFBAAED/01991-040.ts', 'https://shockwave.streamvid.co/tsfiles/DBCBFCCH/1080K/2018/CHFECAFB/11/HDHCAEHA/10/HGFBAAED/01991-041.ts', 'https://shockwave.streamvid.co/tsfiles/DBCBFCCH/1080K/2018/CHFECAFB/11/HDHCAEHA/10/HGFBAAED/01991-042.ts', 'https://shockwave.streamvid.co/tsfiles/DBCBFCCH/1080K/2018/CHFECAFB/11/HDHCAEHA/10/HGFBAAED/01991-043.ts', 'https://shockwave.streamvid.co/tsfiles/DBCBFCCH/1080K/2018/CHFECAFB/11/HDHCAEHA/10/HGFBAAED/01991-044.ts', 'https://shockwave.streamvid.co/tsfiles/DBCBFCCH/1080K/2018/CHFECAFB/11/HDHCAEHA/10/HGFBAAED/01991-045.ts', 'https://shockwave.streamvid.co/tsfiles/DBCBFCCH/1080K/2018/CHFECAFB/11/HDHCAEHA/10/HGFBAAED/01991-046.ts', 'https://shockwave.streamvid.co/tsfiles/DBCBFCCH/1080K/2018/CHFECAFB/11/HDHCAEHA/10/HGFBAAED/01991-047.ts', 'https://shockwave.streamvid.co/tsfiles/DBCBFCCH/1080K/2018/CHFECAFB/11/HDHCAEHA/10/HGFBAAED/01991-048.ts', 'https://shockwave.streamvid.co/tsfiles/DBCBFCCH/1080K/2018/CHFECAFB/11/HDHCAEHA/10/HGFBAAED/01991-049.ts', 'https://shockwave.streamvid.co/tsfiles/DBCBFCCH/1080K/2018/CHFECAFB/11/HDHCAEHA/10/HGFBAAED/01991-050.ts', 'https://shockwave.streamvid.co/tsfiles/DBCBFCCH/1080K/2018/CHFECAFB/11/HDHCAEHA/10/HGFBAAED/01991-051.ts', 'https://shockwave.streamvid.co/tsfiles/DBCBFCCH/1080K/2018/CHFECAFB/11/HDHCAEHA/10/HGFBAAED/01991-052.ts', 'https://shockwave.streamvid.co/tsfiles/DBCBFCCH/1080K/2018/CHFECAFB/11/HDHCAEHA/10/HGFBAAED/01991-053.ts', 'https://shockwave.streamvid.co/tsfiles/DBCBFCCH/1080K/2018/CHFECAFB/11/HDHCAEHA/10/HGFBAAED/01991-054.ts', 'https://shockwave.streamvid.co/tsfiles/DBCBFCCH/1080K/2018/CHFECAFB/11/HDHCAEHA/10/HGFBAAED/01991-055.ts', 'https://shockwave.streamvid.co/tsfiles/DBCBFCCH/1080K/2018/CHFECAFB/11/HDHCAEHA/10/HGFBAAED/01991-056.ts', 'https://shockwave.streamvid.co/tsfiles/DBCBFCCH/1080K/2018/CHFECAFB/11/HDHCAEHA/10/HGFBAAED/01991-057.ts', 'https://shockwave.streamvid.co/tsfiles/DBCBFCCH/1080K/2018/CHFECAFB/11/HDHCAEHA/10/HGFBAAED/01991-058.ts', 'https://shockwave.streamvid.co/tsfiles/DBCBFCCH/1080K/2018/CHFECAFB/11/HDHCAEHA/10/HGFBAAED/01991-059.ts', 'https://shockwave.streamvid.co/tsfiles/DBCBFCCH/1080K/2018/CHFECAFB/11/HDHCAEHA/10/HGFBAAED/01991-060.ts', 'https://shockwave.streamvid.co/tsfiles/DBCBFCCH/1080K/2018/CHFECAFB/11/HDHCAEHA/10/HGFBAAED/01991-061.ts', 'https://shockwave.streamvid.co/tsfiles/DBCBFCCH/1080K/2018/CHFECAFB/11/HDHCAEHA/10/HGFBAAED/01991-062.ts', 'https://shockwave.streamvid.co/tsfiles/DBCBFCCH/1080K/2018/CHFECAFB/11/HDHCAEHA/10/HGFBAAED/01991-063.ts', 'https://shockwave.streamvid.co/tsfiles/DBCBFCCH/1080K/2018/CHFECAFB/11/HDHCAEHA/10/HGFBAAED/01991-064.ts', 'https://shockwave.streamvid.co/tsfiles/DBCBFCCH/1080K/2018/CHFECAFB/11/HDHCAEHA/10/HGFBAAED/01991-065.ts', 'https://shockwave.streamvid.co/tsfiles/DBCBFCCH/1080K/2018/CHFECAFB/11/HDHCAEHA/10/HGFBAAED/01991-066.ts', 'https://shockwave.streamvid.co/tsfiles/DBCBFCCH/1080K/2018/CHFECAFB/11/HDHCAEHA/10/HGFBAAED/01991-067.ts', 'https://shockwave.streamvid.co/tsfiles/DBCBFCCH/1080K/2018/CHFECAFB/11/HDHCAEHA/10/HGFBAAED/01991-068.ts', 'https://shockwave.streamvid.co/tsfiles/DBCBFCCH/1080K/2018/CHFECAFB/11/HDHCAEHA/10/HGFBAAED/01991-069.ts', 'https://shockwave.streamvid.co/tsfiles/DBCBFCCH/1080K/2018/CHFECAFB/11/HDHCAEHA/10/HGFBAAED/01991-070.ts', 'https://shockwave.streamvid.co/tsfiles/DBCBFCCH/1080K/2018/CHFECAFB/11/HDHCAEHA/10/HGFBAAED/01991-071.ts', 'https://shockwave.streamvid.co/tsfiles/DBCBFCCH/1080K/2018/CHFECAFB/11/HDHCAEHA/10/HGFBAAED/01991-072.ts', 'https://shockwave.streamvid.co/tsfiles/DBCBFCCH/1080K/2018/CHFECAFB/11/HDHCAEHA/10/HGFBAAED/01991-073.ts', 'https://shockwave.streamvid.co/tsfiles/DBCBFCCH/1080K/2018/CHFECAFB/11/HDHCAEHA/10/HGFBAAED/01991-074.ts', 'https://shockwave.streamvid.co/tsfiles/DBCBFCCH/1080K/2018/CHFECAFB/11/HDHCAEHA/10/HGFBAAED/01991-075.ts', 'https://shockwave.streamvid.co/tsfiles/DBCBFCCH/1080K/2018/CHFECAFB/11/HDHCAEHA/10/HGFBAAED/01991-076.ts', 'https://shockwave.streamvid.co/tsfiles/DBCBFCCH/1080K/2018/CHFECAFB/11/HDHCAEHA/10/HGFBAAED/01991-077.ts', 'https://shockwave.streamvid.co/tsfiles/DBCBFCCH/1080K/2018/CHFECAFB/11/HDHCAEHA/10/HGFBAAED/01991-078.ts', 'https://shockwave.streamvid.co/tsfiles/DBCBFCCH/1080K/2018/CHFECAFB/11/HDHCAEHA/10/HGFBAAED/01991-079.ts', 'https://shockwave.streamvid.co/tsfiles/DBCBFCCH/1080K/2018/CHFECAFB/11/HDHCAEHA/10/HGFBAAED/01991-080.ts', 'https://shockwave.streamvid.co/tsfiles/DBCBFCCH/1080K/2018/CHFECAFB/11/HDHCAEHA/10/HGFBAAED/01991-081.ts', 'https://shockwave.streamvid.co/tsfiles/DBCBFCCH/1080K/2018/CHFECAFB/11/HDHCAEHA/10/HGFBAAED/01991-082.ts', 'https://shockwave.streamvid.co/tsfiles/DBCBFCCH/1080K/2018/CHFECAFB/11/HDHCAEHA/10/HGFBAAED/01991-083.ts', 'https://shockwave.streamvid.co/tsfiles/DBCBFCCH/1080K/2018/CHFECAFB/11/HDHCAEHA/10/HGFBAAED/01991-084.ts', 'https://shockwave.streamvid.co/tsfiles/DBCBFCCH/1080K/2018/CHFECAFB/11/HDHCAEHA/10/HGFBAAED/01991-085.ts', 'https://shockwave.streamvid.co/tsfiles/DBCBFCCH/1080K/2018/CHFECAFB/11/HDHCAEHA/10/HGFBAAED/01991-086.ts', 'https://shockwave.streamvid.co/tsfiles/DBCBFCCH/1080K/2018/CHFECAFB/11/HDHCAEHA/10/HGFBAAED/01991-087.ts', 'https://shockwave.streamvid.co/tsfiles/DBCBFCCH/1080K/2018/CHFECAFB/11/HDHCAEHA/10/HGFBAAED/01991-088.ts', 'https://shockwave.streamvid.co/tsfiles/DBCBFCCH/1080K/2018/CHFECAFB/11/HDHCAEHA/10/HGFBAAED/01991-089.ts', 'https://shockwave.streamvid.co/tsfiles/DBCBFCCH/1080K/2018/CHFECAFB/11/HDHCAEHA/10/HGFBAAED/01991-090.ts', 'https://shockwave.streamvid.co/tsfiles/DBCBFCCH/1080K/2018/CHFECAFB/11/HDHCAEHA/10/HGFBAAED/01991-091.ts', 'https://shockwave.streamvid.co/tsfiles/DBCBFCCH/1080K/2018/CHFECAFB/11/HDHCAEHA/10/HGFBAAED/01991-092.ts', 'https://shockwave.streamvid.co/tsfiles/DBCBFCCH/1080K/2018/CHFECAFB/11/HDHCAEHA/10/HGFBAAED/01991-093.ts', 'https://shockwave.streamvid.co/tsfiles/DBCBFCCH/1080K/2018/CHFECAFB/11/HDHCAEHA/10/HGFBAAED/01991-094.ts', 'https://shockwave.streamvid.co/tsfiles/DBCBFCCH/1080K/2018/CHFECAFB/11/HDHCAEHA/10/HGFBAAED/01991-095.ts', 'https://shockwave.streamvid.co/tsfiles/DBCBFCCH/1080K/2018/CHFECAFB/11/HDHCAEHA/10/HGFBAAED/01991-096.ts', 'https://shockwave.streamvid.co/tsfiles/DBCBFCCH/1080K/2018/CHFECAFB/11/HDHCAEHA/10/HGFBAAED/01991-097.ts', 'https://shockwave.streamvid.co/tsfiles/DBCBFCCH/1080K/2018/CHFECAFB/11/HDHCAEHA/10/HGFBAAED/01991-098.ts', 'https://shockwave.streamvid.co/tsfiles/DBCBFCCH/1080K/2018/CHFECAFB/11/HDHCAEHA/10/HGFBAAED/01991-099.ts', 'https://shockwave.streamvid.co/tsfiles/DBCBFCCH/1080K/2018/CHFECAFB/11/HDHCAEHA/10/HGFBAAED/01991-100.ts', 'https://shockwave.streamvid.co/tsfiles/DBCBFCCH/1080K/2018/CHFECAFB/11/HDHCAEHA/10/HGFBAAED/01991-101.ts', 'https://shockwave.streamvid.co/tsfiles/DBCBFCCH/1080K/2018/CHFECAFB/11/HDHCAEHA/10/HGFBAAED/01991-102.ts', 'https://shockwave.streamvid.co/tsfiles/DBCBFCCH/1080K/2018/CHFECAFB/11/HDHCAEHA/10/HGFBAAED/01991-103.ts', 'https://shockwave.streamvid.co/tsfiles/DBCBFCCH/1080K/2018/CHFECAFB/11/HDHCAEHA/10/HGFBAAED/01991-104.ts', 'https://shockwave.streamvid.co/tsfiles/DBCBFCCH/1080K/2018/CHFECAFB/11/HDHCAEHA/10/HGFBAAED/01991-105.ts', 'https://shockwave.streamvid.co/tsfiles/DBCBFCCH/1080K/2018/CHFECAFB/11/HDHCAEHA/10/HGFBAAED/01991-106.ts', 'https://shockwave.streamvid.co/tsfiles/DBCBFCCH/1080K/2018/CHFECAFB/11/HDHCAEHA/10/HGFBAAED/01991-107.ts', 'https://shockwave.streamvid.co/tsfiles/DBCBFCCH/1080K/2018/CHFECAFB/11/HDHCAEHA/10/HGFBAAED/01991-108.ts', 'https://shockwave.streamvid.co/tsfiles/DBCBFCCH/1080K/2018/CHFECAFB/11/HDHCAEHA/10/HGFBAAED/01991-109.ts', 'https://shockwave.streamvid.co/tsfiles/DBCBFCCH/1080K/2018/CHFECAFB/11/HDHCAEHA/10/HGFBAAED/01991-110.ts', 'https://shockwave.streamvid.co/tsfiles/DBCBFCCH/1080K/2018/CHFECAFB/11/HDHCAEHA/10/HGFBAAED/01991-111.ts', 'https://shockwave.streamvid.co/tsfiles/DBCBFCCH/1080K/2018/CHFECAFB/11/HDHCAEHA/10/HGFBAAED/01991-112.ts', 'https://shockwave.streamvid.co/tsfiles/DBCBFCCH/1080K/2018/CHFECAFB/11/HDHCAEHA/10/HGFBAAED/01991-113.ts', 'https://shockwave.streamvid.co/tsfiles/DBCBFCCH/1080K/2018/CHFECAFB/11/HDHCAEHA/10/HGFBAAED/01991-114.ts', 'https://shockwave.streamvid.co/tsfiles/DBCBFCCH/1080K/2018/CHFECAFB/11/HDHCAEHA/10/HGFBAAED/01991-115.ts', 'https://shockwave.streamvid.co/tsfiles/DBCBFCCH/1080K/2018/CHFECAFB/11/HDHCAEHA/10/HGFBAAED/01991-116.ts', 'https://shockwave.streamvid.co/tsfiles/DBCBFCCH/1080K/2018/CHFECAFB/11/HDHCAEHA/10/HGFBAAED/01991-117.ts', 'https://shockwave.streamvid.co/tsfiles/DBCBFCCH/1080K/2018/CHFECAFB/11/HDHCAEHA/10/HGFBAAED/01991-118.ts', 'https://shockwave.streamvid.co/tsfiles/DBCBFCCH/1080K/2018/CHFECAFB/11/HDHCAEHA/10/HGFBAAED/01991-119.ts', 'https://shockwave.streamvid.co/tsfiles/DBCBFCCH/1080K/2018/CHFECAFB/11/HDHCAEHA/10/HGFBAAED/01991-120.ts', 'https://shockwave.streamvid.co/tsfiles/DBCBFCCH/1080K/2018/CHFECAFB/11/HDHCAEHA/10/HGFBAAED/01991-121.ts', 'https://shockwave.streamvid.co/tsfiles/DBCBFCCH/1080K/2018/CHFECAFB/11/HDHCAEHA/10/HGFBAAED/01991-122.ts', 'https://shockwave.streamvid.co/tsfiles/DBCBFCCH/1080K/2018/CHFECAFB/11/HDHCAEHA/10/HGFBAAED/01991-123.ts', 'https://shockwave.streamvid.co/tsfiles/DBCBFCCH/1080K/2018/CHFECAFB/11/HDHCAEHA/10/HGFBAAED/01991-124.ts', 'https://shockwave.streamvid.co/tsfiles/DBCBFCCH/1080K/2018/CHFECAFB/11/HDHCAEHA/10/HGFBAAED/01991-125.ts', 'https://shockwave.streamvid.co/tsfiles/DBCBFCCH/1080K/2018/CHFECAFB/11/HDHCAEHA/10/HGFBAAED/01991-126.ts', 'https://shockwave.streamvid.co/tsfiles/DBCBFCCH/1080K/2018/CHFECAFB/11/HDHCAEHA/10/HGFBAAED/01991-127.ts', 'https://shockwave.streamvid.co/tsfiles/DBCBFCCH/1080K/2018/CHFECAFB/11/HDHCAEHA/10/HGFBAAED/01991-128.ts', 'https://shockwave.streamvid.co/tsfiles/DBCBFCCH/1080K/2018/CHFECAFB/11/HDHCAEHA/10/HGFBAAED/01991-129.ts', 'https://shockwave.streamvid.co/tsfiles/DBCBFCCH/1080K/2018/CHFECAFB/11/HDHCAEHA/10/HGFBAAED/01991-130.ts', 'https://shockwave.streamvid.co/tsfiles/DBCBFCCH/1080K/2018/CHFECAFB/11/HDHCAEHA/10/HGFBAAED/01991-131.ts', 'https://shockwave.streamvid.co/tsfiles/DBCBFCCH/1080K/2018/CHFECAFB/11/HDHCAEHA/10/HGFBAAED/01991-132.ts', 'https://shockwave.streamvid.co/tsfiles/DBCBFCCH/1080K/2018/CHFECAFB/11/HDHCAEHA/10/HGFBAAED/01991-133.ts', 'https://shockwave.streamvid.co/tsfiles/DBCBFCCH/1080K/2018/CHFECAFB/11/HDHCAEHA/10/HGFBAAED/01991-134.ts', 'https://shockwave.streamvid.co/tsfiles/DBCBFCCH/1080K/2018/CHFECAFB/11/HDHCAEHA/10/HGFBAAED/01991-135.ts', 'https://shockwave.streamvid.co/tsfiles/DBCBFCCH/1080K/2018/CHFECAFB/11/HDHCAEHA/10/HGFBAAED/01991-136.ts', 'https://shockwave.streamvid.co/tsfiles/DBCBFCCH/1080K/2018/CHFECAFB/11/HDHCAEHA/10/HGFBAAED/01991-137.ts', 'https://shockwave.streamvid.co/tsfiles/DBCBFCCH/1080K/2018/CHFECAFB/11/HDHCAEHA/10/HGFBAAED/01991-138.ts', 'https://shockwave.streamvid.co/tsfiles/DBCBFCCH/1080K/2018/CHFECAFB/11/HDHCAEHA/10/HGFBAAED/01991-139.ts', 'https://shockwave.streamvid.co/tsfiles/DBCBFCCH/1080K/2018/CHFECAFB/11/HDHCAEHA/10/HGFBAAED/01991-140.ts', 'https://shockwave.streamvid.co/tsfiles/DBCBFCCH/1080K/2018/CHFECAFB/11/HDHCAEHA/10/HGFBAAED/01991-141.ts', 'https://shockwave.streamvid.co/tsfiles/DBCBFCCH/1080K/2018/CHFECAFB/11/HDHCAEHA/10/HGFBAAED/01991-142.ts', 'https://shockwave.streamvid.co/tsfiles/DBCBFCCH/1080K/2018/CHFECAFB/11/HDHCAEHA/10/HGFBAAED/01991-143.ts', 'https://shockwave.streamvid.co/tsfiles/DBCBFCCH/1080K/2018/CHFECAFB/11/HDHCAEHA/10/HGFBAAED/01991-144.ts', 'https://shockwave.streamvid.co/tsfiles/DBCBFCCH/1080K/2018/CHFECAFB/11/HDHCAEHA/10/HGFBAAED/01991-145.ts', 'https://shockwave.streamvid.co/tsfiles/DBCBFCCH/1080K/2018/CHFECAFB/11/HDHCAEHA/10/HGFBAAED/01991-146.ts', 'https://shockwave.streamvid.co/tsfiles/DBCBFCCH/1080K/2018/CHFECAFB/11/HDHCAEHA/10/HGFBAAED/01991-147.ts', 'https://shockwave.streamvid.co/tsfiles/DBCBFCCH/1080K/2018/CHFECAFB/11/HDHCAEHA/10/HGFBAAED/01991-148.ts', 'https://shockwave.streamvid.co/tsfiles/DBCBFCCH/1080K/2018/CHFECAFB/11/HDHCAEHA/10/HGFBAAED/01991-149.ts', 'https://shockwave.streamvid.co/tsfiles/DBCBFCCH/1080K/2018/CHFECAFB/11/HDHCAEHA/10/HGFBAAED/01991-150.ts', 'https://shockwave.streamvid.co/tsfiles/DBCBFCCH/1080K/2018/CHFECAFB/11/HDHCAEHA/10/HGFBAAED/01991-151.ts', 'https://shockwave.streamvid.co/tsfiles/DBCBFCCH/1080K/2018/CHFECAFB/11/HDHCAEHA/10/HGFBAAED/01991-152.ts', 'https://shockwave.streamvid.co/tsfiles/DBCBFCCH/1080K/2018/CHFECAFB/11/HDHCAEHA/10/HGFBAAED/01991-153.ts', 'https://shockwave.streamvid.co/tsfiles/DBCBFCCH/1080K/2018/CHFECAFB/11/HDHCAEHA/10/HGFBAAED/01991-154.ts', 'https://shockwave.streamvid.co/tsfiles/DBCBFCCH/1080K/2018/CHFECAFB/11/HDHCAEHA/10/HGFBAAED/01991-155.ts', 'https://shockwave.streamvid.co/tsfiles/DBCBFCCH/1080K/2018/CHFECAFB/11/HDHCAEHA/10/HGFBAAED/01991-156.ts', 'https://shockwave.streamvid.co/tsfiles/DBCBFCCH/1080K/2018/CHFECAFB/11/HDHCAEHA/10/HGFBAAED/01991-157.ts', 'https://shockwave.streamvid.co/tsfiles/DBCBFCCH/1080K/2018/CHFECAFB/11/HDHCAEHA/10/HGFBAAED/01991-158.ts', 'https://shockwave.streamvid.co/tsfiles/DBCBFCCH/1080K/2018/CHFECAFB/11/HDHCAEHA/10/HGFBAAED/01991-159.ts', 'https://shockwave.streamvid.co/tsfiles/DBCBFCCH/1080K/2018/CHFECAFB/11/HDHCAEHA/10/HGFBAAED/01991-160.ts', 'https://shockwave.streamvid.co/tsfiles/DBCBFCCH/1080K/2018/CHFECAFB/11/HDHCAEHA/10/HGFBAAED/01991-161.ts', 'https://shockwave.streamvid.co/tsfiles/DBCBFCCH/1080K/2018/CHFECAFB/11/HDHCAEHA/10/HGFBAAED/01991-162.ts', 'https://shockwave.streamvid.co/tsfiles/DBCBFCCH/1080K/2018/CHFECAFB/11/HDHCAEHA/10/HGFBAAED/01991-163.ts', 'https://shockwave.streamvid.co/tsfiles/DBCBFCCH/1080K/2018/CHFECAFB/11/HDHCAEHA/10/HGFBAAED/01991-164.ts', 'https://shockwave.streamvid.co/tsfiles/DBCBFCCH/1080K/2018/CHFECAFB/11/HDHCAEHA/10/HGFBAAED/01991-165.ts', 'https://shockwave.streamvid.co/tsfiles/DBCBFCCH/1080K/2018/CHFECAFB/11/HDHCAEHA/10/HGFBAAED/01991-166.ts', 'https://shockwave.streamvid.co/tsfiles/DBCBFCCH/1080K/2018/CHFECAFB/11/HDHCAEHA/10/HGFBAAED/01991-167.ts', 'https://shockwave.streamvid.co/tsfiles/DBCBFCCH/1080K/2018/CHFECAFB/11/HDHCAEHA/10/HGFBAAED/01991-168.ts', 'https://shockwave.streamvid.co/tsfiles/DBCBFCCH/1080K/2018/CHFECAFB/11/HDHCAEHA/10/HGFBAAED/01991-169.ts', 'https://shockwave.streamvid.co/tsfiles/DBCBFCCH/1080K/2018/CHFECAFB/11/HDHCAEHA/10/HGFBAAED/01991-170.ts', 'https://shockwave.streamvid.co/tsfiles/DBCBFCCH/1080K/2018/CHFECAFB/11/HDHCAEHA/10/HGFBAAED/01991-171.ts', 'https://shockwave.streamvid.co/tsfiles/DBCBFCCH/1080K/2018/CHFECAFB/11/HDHCAEHA/10/HGFBAAED/01991-172.ts', 'https://shockwave.streamvid.co/tsfiles/DBCBFCCH/1080K/2018/CHFECAFB/11/HDHCAEHA/10/HGFBAAED/01991-173.ts', 'https://shockwave.streamvid.co/tsfiles/DBCBFCCH/1080K/2018/CHFECAFB/11/HDHCAEHA/10/HGFBAAED/01991-174.ts', 'https://shockwave.streamvid.co/tsfiles/DBCBFCCH/1080K/2018/CHFECAFB/11/HDHCAEHA/10/HGFBAAED/01991-175.ts', 'https://shockwave.streamvid.co/tsfiles/DBCBFCCH/1080K/2018/CHFECAFB/11/HDHCAEHA/10/HGFBAAED/01991-176.ts', 'https://shockwave.streamvid.co/tsfiles/DBCBFCCH/1080K/2018/CHFECAFB/11/HDHCAEHA/10/HGFBAAED/01991-177.ts', 'https://shockwave.streamvid.co/tsfiles/DBCBFCCH/1080K/2018/CHFECAFB/11/HDHCAEHA/10/HGFBAAED/01991-178.ts', 'https://shockwave.streamvid.co/tsfiles/DBCBFCCH/1080K/2018/CHFECAFB/11/HDHCAEHA/10/HGFBAAED/01991-179.ts', 'https://shockwave.streamvid.co/tsfiles/DBCBFCCH/1080K/2018/CHFECAFB/11/HDHCAEHA/10/HGFBAAED/01991-180.ts', 'https://shockwave.streamvid.co/tsfiles/DBCBFCCH/1080K/2018/CHFECAFB/11/HDHCAEHA/10/HGFBAAED/01991-181.ts', 'https://shockwave.streamvid.co/tsfiles/DBCBFCCH/1080K/2018/CHFECAFB/11/HDHCAEHA/10/HGFBAAED/01991-182.ts', 'https://shockwave.streamvid.co/tsfiles/DBCBFCCH/1080K/2018/CHFECAFB/11/HDHCAEHA/10/HGFBAAED/01991-183.ts', 'https://shockwave.streamvid.co/tsfiles/DBCBFCCH/1080K/2018/CHFECAFB/11/HDHCAEHA/10/HGFBAAED/01991-184.ts', 'https://shockwave.streamvid.co/tsfiles/DBCBFCCH/1080K/2018/CHFECAFB/11/HDHCAEHA/10/HGFBAAED/01991-185.ts', 'https://shockwave.streamvid.co/tsfiles/DBCBFCCH/1080K/2018/CHFECAFB/11/HDHCAEHA/10/HGFBAAED/01991-186.ts', 'https://shockwave.streamvid.co/tsfiles/DBCBFCCH/1080K/2018/CHFECAFB/11/HDHCAEHA/10/HGFBAAED/01991-187.ts', 'https://shockwave.streamvid.co/tsfiles/DBCBFCCH/1080K/2018/CHFECAFB/11/HDHCAEHA/10/HGFBAAED/01991-188.ts', 'https://shockwave.streamvid.co/tsfiles/DBCBFCCH/1080K/2018/CHFECAFB/11/HDHCAEHA/10/HGFBAAED/01991-189.ts', 'https://shockwave.streamvid.co/tsfiles/DBCBFCCH/1080K/2018/CHFECAFB/11/HDHCAEHA/10/HGFBAAED/01991-190.ts', 'https://shockwave.streamvid.co/tsfiles/DBCBFCCH/1080K/2018/CHFECAFB/11/HDHCAEHA/10/HGFBAAED/01991-191.ts', 'https://shockwave.streamvid.co/tsfiles/DBCBFCCH/1080K/2018/CHFECAFB/11/HDHCAEHA/10/HGFBAAED/01991-192.ts', 'https://shockwave.streamvid.co/tsfiles/DBCBFCCH/1080K/2018/CHFECAFB/11/HDHCAEHA/10/HGFBAAED/01991-193.ts', 'https://shockwave.streamvid.co/tsfiles/DBCBFCCH/1080K/2018/CHFECAFB/11/HDHCAEHA/10/HGFBAAED/01991-194.ts', 'https://shockwave.streamvid.co/tsfiles/DBCBFCCH/1080K/2018/CHFECAFB/11/HDHCAEHA/10/HGFBAAED/01991-195.ts', 'https://shockwave.streamvid.co/tsfiles/DBCBFCCH/1080K/2018/CHFECAFB/11/HDHCAEHA/10/HGFBAAED/01991-196.ts', 'https://shockwave.streamvid.co/tsfiles/DBCBFCCH/1080K/2018/CHFECAFB/11/HDHCAEHA/10/HGFBAAED/01991-197.ts', 'https://shockwave.streamvid.co/tsfiles/DBCBFCCH/1080K/2018/CHFECAFB/11/HDHCAEHA/10/HGFBAAED/01991-198.ts', 'https://shockwave.streamvid.co/tsfiles/DBCBFCCH/1080K/2018/CHFECAFB/11/HDHCAEHA/10/HGFBAAED/01991-199.ts', 'https://shockwave.streamvid.co/tsfiles/DBCBFCCH/1080K/2018/CHFECAFB/11/HDHCAEHA/10/HGFBAAED/01991-200.ts', 'https://shockwave.streamvid.co/tsfiles/DBCBFCCH/1080K/2018/CHFECAFB/11/HDHCAEHA/10/HGFBAAED/01991-201.ts', 'https://shockwave.streamvid.co/tsfiles/DBCBFCCH/1080K/2018/CHFECAFB/11/HDHCAEHA/10/HGFBAAED/01991-202.ts', 'https://shockwave.streamvid.co/tsfiles/DBCBFCCH/1080K/2018/CHFECAFB/11/HDHCAEHA/10/HGFBAAED/01991-203.ts', 'https://shockwave.streamvid.co/tsfiles/DBCBFCCH/1080K/2018/CHFECAFB/11/HDHCAEHA/10/HGFBAAED/01991-204.ts', 'https://shockwave.streamvid.co/tsfiles/DBCBFCCH/1080K/2018/CHFECAFB/11/HDHCAEHA/10/HGFBAAED/01991-205.ts', 'https://shockwave.streamvid.co/tsfiles/DBCBFCCH/1080K/2018/CHFECAFB/11/HDHCAEHA/10/HGFBAAED/01991-206.ts', 'https://shockwave.streamvid.co/tsfiles/DBCBFCCH/1080K/2018/CHFECAFB/11/HDHCAEHA/10/HGFBAAED/01991-207.ts', 'https://shockwave.streamvid.co/tsfiles/DBCBFCCH/1080K/2018/CHFECAFB/11/HDHCAEHA/10/HGFBAAED/01991-208.ts', 'https://shockwave.streamvid.co/tsfiles/DBCBFCCH/1080K/2018/CHFECAFB/11/HDHCAEHA/10/HGFBAAED/01991-209.ts', 'https://shockwave.streamvid.co/tsfiles/DBCBFCCH/1080K/2018/CHFECAFB/11/HDHCAEHA/10/HGFBAAED/01991-210.ts', 'https://shockwave.streamvid.co/tsfiles/DBCBFCCH/1080K/2018/CHFECAFB/11/HDHCAEHA/10/HGFBAAED/01991-211.ts', 'https://shockwave.streamvid.co/tsfiles/DBCBFCCH/1080K/2018/CHFECAFB/11/HDHCAEHA/10/HGFBAAED/01991-212.ts', 'https://shockwave.streamvid.co/tsfiles/DBCBFCCH/1080K/2018/CHFECAFB/11/HDHCAEHA/10/HGFBAAED/01991-213.ts', 'https://shockwave.streamvid.co/tsfiles/DBCBFCCH/1080K/2018/CHFECAFB/11/HDHCAEHA/10/HGFBAAED/01991-214.ts', 'https://shockwave.streamvid.co/tsfiles/DBCBFCCH/1080K/2018/CHFECAFB/11/HDHCAEHA/10/HGFBAAED/01991-215.ts', 'https://shockwave.streamvid.co/tsfiles/DBCBFCCH/1080K/2018/CHFECAFB/11/HDHCAEHA/10/HGFBAAED/01991-216.ts', 'https://shockwave.streamvid.co/tsfiles/DBCBFCCH/1080K/2018/CHFECAFB/11/HDHCAEHA/10/HGFBAAED/01991-217.ts', 'https://shockwave.streamvid.co/tsfiles/DBCBFCCH/1080K/2018/CHFECAFB/11/HDHCAEHA/10/HGFBAAED/01991-218.ts', 'https://shockwave.streamvid.co/tsfiles/DBCBFCCH/1080K/2018/CHFECAFB/11/HDHCAEHA/10/HGFBAAED/01991-219.ts', 'https://shockwave.streamvid.co/tsfiles/DBCBFCCH/1080K/2018/CHFECAFB/11/HDHCAEHA/10/HGFBAAED/01991-220.ts', 'https://shockwave.streamvid.co/tsfiles/DBCBFCCH/1080K/2018/CHFECAFB/11/HDHCAEHA/10/HGFBAAED/01991-221.ts', 'https://shockwave.streamvid.co/tsfiles/DBCBFCCH/1080K/2018/CHFECAFB/11/HDHCAEHA/10/HGFBAAED/01991-222.ts', 'https://shockwave.streamvid.co/tsfiles/DBCBFCCH/1080K/2018/CHFECAFB/11/HDHCAEHA/10/HGFBAAED/01991-223.ts', 'https://shockwave.streamvid.co/tsfiles/DBCBFCCH/1080K/2018/CHFECAFB/11/HDHCAEHA/10/HGFBAAED/01991-224.ts', 'https://shockwave.streamvid.co/tsfiles/DBCBFCCH/1080K/2018/CHFECAFB/11/HDHCAEHA/10/HGFBAAED/01991-225.ts', 'https://shockwave.streamvid.co/tsfiles/DBCBFCCH/1080K/2018/CHFECAFB/11/HDHCAEHA/10/HGFBAAED/01991-226.ts', 'https://shockwave.streamvid.co/tsfiles/DBCBFCCH/1080K/2018/CHFECAFB/11/HDHCAEHA/10/HGFBAAED/01991-227.ts', 'https://shockwave.streamvid.co/tsfiles/DBCBFCCH/1080K/2018/CHFECAFB/11/HDHCAEHA/10/HGFBAAED/01991-228.ts', 'https://shockwave.streamvid.co/tsfiles/DBCBFCCH/1080K/2018/CHFECAFB/11/HDHCAEHA/10/HGFBAAED/01991-229.ts', 'https://shockwave.streamvid.co/tsfiles/DBCBFCCH/1080K/2018/CHFECAFB/11/HDHCAEHA/10/HGFBAAED/01991-230.ts', 'https://shockwave.streamvid.co/tsfiles/DBCBFCCH/1080K/2018/CHFECAFB/11/HDHCAEHA/10/HGFBAAED/01991-231.ts', 'https://shockwave.streamvid.co/tsfiles/DBCBFCCH/1080K/2018/CHFECAFB/11/HDHCAEHA/10/HGFBAAED/01991-232.ts', 'https://shockwave.streamvid.co/tsfiles/DBCBFCCH/1080K/2018/CHFECAFB/11/HDHCAEHA/10/HGFBAAED/01991-233.ts', 'https://shockwave.streamvid.co/tsfiles/DBCBFCCH/1080K/2018/CHFECAFB/11/HDHCAEHA/10/HGFBAAED/01991-234.ts', 'https://shockwave.streamvid.co/tsfiles/DBCBFCCH/1080K/2018/CHFECAFB/11/HDHCAEHA/10/HGFBAAED/01991-235.ts', 'https://shockwave.streamvid.co/tsfiles/DBCBFCCH/1080K/2018/CHFECAFB/11/HDHCAEHA/10/HGFBAAED/01991-236.ts', 'https://shockwave.streamvid.co/tsfiles/DBCBFCCH/1080K/2018/CHFECAFB/11/HDHCAEHA/10/HGFBAAED/01991-237.ts', 'https://shockwave.streamvid.co/tsfiles/DBCBFCCH/1080K/2018/CHFECAFB/11/HDHCAEHA/10/HGFBAAED/01991-238.ts', 'https://shockwave.streamvid.co/tsfiles/DBCBFCCH/1080K/2018/CHFECAFB/11/HDHCAEHA/10/HGFBAAED/01991-239.ts', 'https://shockwave.streamvid.co/tsfiles/DBCBFCCH/1080K/2018/CHFECAFB/11/HDHCAEHA/10/HGFBAAED/01991-240.ts', 'https://shockwave.streamvid.co/tsfiles/DBCBFCCH/1080K/2018/CHFECAFB/11/HDHCAEHA/10/HGFBAAED/01991-241.ts', 'https://shockwave.streamvid.co/tsfiles/DBCBFCCH/1080K/2018/CHFECAFB/11/HDHCAEHA/10/HGFBAAED/01991-242.ts', 'https://shockwave.streamvid.co/tsfiles/DBCBFCCH/1080K/2018/CHFECAFB/11/HDHCAEHA/10/HGFBAAED/01991-243.ts', 'https://shockwave.streamvid.co/tsfiles/DBCBFCCH/1080K/2018/CHFECAFB/11/HDHCAEHA/10/HGFBAAED/01991-244.ts', 'https://shockwave.streamvid.co/tsfiles/DBCBFCCH/1080K/2018/CHFECAFB/11/HDHCAEHA/10/HGFBAAED/01991-245.ts', 'https://shockwave.streamvid.co/tsfiles/DBCBFCCH/1080K/2018/CHFECAFB/11/HDHCAEHA/10/HGFBAAED/01991-246.ts', 'https://shockwave.streamvid.co/tsfiles/DBCBFCCH/1080K/2018/CHFECAFB/11/HDHCAEHA/10/HGFBAAED/01991-247.ts', 'https://shockwave.streamvid.co/tsfiles/DBCBFCCH/1080K/2018/CHFECAFB/11/HDHCAEHA/10/HGFBAAED/01991-248.ts', 'https://shockwave.streamvid.co/tsfiles/DBCBFCCH/1080K/2018/CHFECAFB/11/HDHCAEHA/10/HGFBAAED/01991-249.ts', 'https://shockwave.streamvid.co/tsfiles/DBCBFCCH/1080K/2018/CHFECAFB/11/HDHCAEHA/10/HGFBAAED/01991-250.ts', 'https://shockwave.streamvid.co/tsfiles/DBCBFCCH/1080K/2018/CHFECAFB/11/HDHCAEHA/10/HGFBAAED/01991-251.ts', 'https://shockwave.streamvid.co/tsfiles/DBCBFCCH/1080K/2018/CHFECAFB/11/HDHCAEHA/10/HGFBAAED/01991-252.ts', 'https://shockwave.streamvid.co/tsfiles/DBCBFCCH/1080K/2018/CHFECAFB/11/HDHCAEHA/10/HGFBAAED/01991-253.ts']
>>> requests.get('https://shockwave.streamvid.co/tsfiles/DBCBFCCH/1080K/2018/CHFECAFB/11/HDHCAEHA/10/HGFBAAED/01991-253.ts',headers=headers)
<Response [200]>
>>> 
